#
# A fatal error has been detected by the Java Runtime Environment:
#
#  SIGSEGV (0xb) at pc=0xa7255a1d, pid=16232, tid=0x62b80b40
#
# JRE version: OpenJDK Runtime Environment (8.0_121-b13) (build 1.8.0_121-8u121-b13-0ubuntu1.16.04.2-b13)
# Java VM: OpenJDK Server VM (25.121-b13 mixed mode linux-x86 )
# Problematic frame:
# v  ~BufferBlob::jni_fast_GetLongField
#
# Failed to write core dump. Core dumps have been disabled. To enable core dumping, try "ulimit -c unlimited" before starting Java again
#
# If you would like to submit a bug report, please visit:
#   http://bugreport.java.com/bugreport/crash.jsp
# The crash happened outside the Java Virtual Machine in native code.
# See problematic frame for where to report the bug.
#

---------------  T H R E A D  ---------------

Current thread (0x62fed000):  JavaThread "AWT-XAWT" daemon [_thread_in_native, id=16253, stack(0x62b30000,0x62b81000)]

siginfo: si_signo: 11 (SIGSEGV), si_code: 1 (SEGV_MAPERR), si_addr: 0x00000000

Registers:
EAX=0x00000000, EBX=0x63057000, ECX=0x00000052, EDX=0x00000000
ESP=0x62b7fd98, EBP=0x62b7fde8, ESI=0x00000042, EDI=0x62fed12c
EIP=0xa7255a1d, EFLAGS=0x00010246, CR2=0x00000000

Top of Stack: (sp=0x62b7fd98)
0x62b7fd98:   613128b8 630376e9 62fed12c 00000000
0x62b7fda8:   00000042 b76a1b19 63059580 00000000
0x62b7fdb8:   62fed12c 76f07900 62fac9c8 62b7fe24
0x62b7fdc8:   62b7fde8 76f07900 b71410c0 00010002
0x62b7fdd8:   630376bd 62e45000 613128b8 00000000
0x62b7fde8:   61312360 62d5b1eb 61312360 00000000
0x62b7fdf8:   00000000 62d337a3 62fac9c8 00005590
0x62b7fe08:   62d5b189 62e45000 00400003 0868c270 

Instructions: (pc=0xa7255a1d)
0xa72559fd:   00 00 00 56 8b 0d 8c ee 15 b7 f6 c1 01 0f 85 30
0xa7255a0d:   00 00 00 8b c1 83 e0 01 8b 54 04 0c 8b 74 24 10
0xa7255a1d:   8b 12 c1 ee 02 8b 04 32 8b 54 32 04 be 8c ee 15
0xa7255a2d:   b7 33 f2 33 f0 33 f2 33 f0 3b 0e 0f 85 02 00 00 

Register to memory mapping:

EAX=0x00000000 is an unknown value
EBX=0x63057000: <offset 0x52000> in /usr/lib/jvm/java-8-openjdk-i386/jre/lib/i386/libawt_xawt.so at 0x63005000
ECX=0x00000052 is an unknown value
EDX=0x00000000 is an unknown value
ESP=0x62b7fd98 is pointing into the stack for thread: 0x62fed000
EBP=0x62b7fde8 is pointing into the stack for thread: 0x62fed000
ESI=0x00000042 is an unknown value
EDI=0x62fed12c is an unknown value


Stack: [0x62b30000,0x62b81000],  sp=0x62b7fd98,  free space=319k
Native frames: (J=compiled Java code, j=interpreted, Vv=VM code, C=native code)
v  ~BufferBlob::jni_fast_GetLongField
C  [libX11.so.6+0x5e1eb]  _XimServerDestroy+0x6b

Java frames: (J=compiled Java code, j=interpreted, Vv=VM code)
J 1343  sun.awt.X11.XlibWrapper.XFilterEvent(JJ)Z (0 bytes) @ 0xa75b90f6 [0xa75b90a0+0x56]
j  sun.awt.X11.XToolkit.run(Z)V+300
j  sun.awt.X11.XToolkit.run()V+5
j  java.lang.Thread.run()V+11
v  ~StubRoutines::call_stub

---------------  P R O C E S S  ---------------

Java Threads: ( => current thread )
  0x66901000 JavaThread "XToolkt-Shutdown-Thread" [_thread_blocked, id=17493, stack(0x6205b000,0x620ac000)]
  0x63604c00 JavaThread "SIGTERM handler" daemon [_thread_blocked, id=17488, stack(0x62468000,0x624b9000)]
  0x63604000 JavaThread "SIGHUP handler" daemon [_thread_blocked, id=17476, stack(0x62581000,0x625d2000)]
  0x6138d800 JavaThread "Thread-0" [_thread_blocked, id=16260, stack(0x62417000,0x62468000)]
  0xb6207800 JavaThread "DestroyJavaVM" [_thread_blocked, id=16238, stack(0xb63ec000,0xb643d000)]
  0x6296d800 JavaThread "AWT-EventQueue-0" [_thread_blocked, id=16256, stack(0x61682000,0x616d3000)]
  0x62916c00 JavaThread "AWT-Shutdown" [_thread_blocked, id=16254, stack(0x627af000,0x62800000)]
=>0x62fed000 JavaThread "AWT-XAWT" daemon [_thread_in_native, id=16253, stack(0x62b30000,0x62b81000)]
  0x62fd5400 JavaThread "Java2D Disposer" daemon [_thread_blocked, id=16252, stack(0x62b81000,0x62bd2000)]
  0x637aa400 JavaThread "Service Thread" daemon [_thread_blocked, id=16250, stack(0x630db000,0x6312c000)]
  0x637a7000 JavaThread "C1 CompilerThread2" daemon [_thread_blocked, id=16249, stack(0x6312c000,0x631ad000)]
  0x637a5800 JavaThread "C2 CompilerThread1" daemon [_thread_blocked, id=16248, stack(0x631ad000,0x6322e000)]
  0x637a3c00 JavaThread "C2 CompilerThread0" daemon [_thread_blocked, id=16247, stack(0x6322e000,0x632af000)]
  0x637a2400 JavaThread "Signal Dispatcher" daemon [_thread_blocked, id=16246, stack(0x632af000,0x63300000)]
  0x63788400 JavaThread "Finalizer" daemon [_thread_blocked, id=16245, stack(0x63814000,0x63865000)]
  0x63785800 JavaThread "Reference Handler" daemon [_thread_blocked, id=16244, stack(0x6642e000,0x6647f000)]

Other Threads:
  0x63780c00 VMThread [stack: 0x63865000,0x638e6000] [id=16243]
  0x637abc00 WatcherThread [stack: 0x6305a000,0x630db000] [id=16251]

VM state:not at safepoint (normal execution)

VM Mutex/Monitor currently owned by a thread: None

Heap:
 PSYoungGen      total 35840K, used 13241K [0x918c0000, 0x93e40000, 0xa6e00000)
  eden space 33280K, 32% used [0x918c0000,0x92331170,0x93940000)
  from space 2560K, 99% used [0x93bc0000,0x93e3d4b8,0x93e40000)
  to   space 2560K, 0% used [0x93940000,0x93940000,0x93bc0000)
 ParOldGen       total 43776K, used 1171K [0x66e00000, 0x698c0000, 0x918c0000)
  object space 43776K, 2% used [0x66e00000,0x66f24e18,0x698c0000)
 Metaspace       used 8976K, capacity 9166K, committed 9240K, reserved 9520K

Card table byte_map: [0x66bff000,0x66e00000] byte_map_base: 0x668c8000

Marking Bits: (ParMarkBitMap*) 0xb715e7e0
 Begin Bits: [0x64300000, 0x65300000)
 End Bits:   [0x65300000, 0x66300000)

Polling page: 0xb776f000

CodeCache: size=245760Kb used=4730Kb max_used=4730Kb free=241029Kb
 bounds [0xa7200000, 0xa76a8000, 0xb6200000]
 total_blobs=1966 nmethods=1682 adapters=197
 compilation: enabled

Compilation events (10 events):
Event: 604,813 Thread 0x637a7000 1678       3       sun.awt.XSettings$Update::needBytes (65 bytes)
Event: 604,822 Thread 0x637a7000 nmethod 1678 0xa769be08 code [0xa769c020, 0xa769ca40]
Event: 605,078 Thread 0x637a7000 1679       3       sun.awt.XSettings$Update::getINT32 (175 bytes)
Event: 605,078 Thread 0x637a7000 nmethod 1679 0xa769efc8 code [0xa769f100, 0xa769f38c]
Event: 1146,992 Thread 0x637a7000 1680   !   3       java.util.Vector$Itr::next (63 bytes)
Event: 1146,993 Thread 0x637a7000 nmethod 1680 0xa769f588 code [0xa769f720, 0xa769fc38]
Event: 1146,993 Thread 0x637a7000 1681       3       java.util.Vector$Itr::checkForComodification (23 bytes)
Event: 1146,994 Thread 0x637a7000 nmethod 1681 0xa769ba88 code [0xa769bba0, 0xa769bd0c]
Event: 7623,198 Thread 0x637a7000 1682       3       java.lang.Long::equals (30 bytes)
Event: 7623,199 Thread 0x637a7000 nmethod 1682 0xa76a0108 code [0xa76a0240, 0xa76a05e0]

GC Heap History (4 events):
Event: 0,855 GC heap before
{Heap before GC invocations=1 (full 0):
 PSYoungGen      total 19200K, used 16640K [0x918c0000, 0x92e00000, 0xa6e00000)
  eden space 16640K, 100% used [0x918c0000,0x92900000,0x92900000)
  from space 2560K, 0% used [0x92b80000,0x92b80000,0x92e00000)
  to   space 2560K, 0% used [0x92900000,0x92900000,0x92b80000)
 ParOldGen       total 43776K, used 0K [0x66e00000, 0x698c0000, 0x918c0000)
  object space 43776K, 0% used [0x66e00000,0x66e00000,0x698c0000)
 Metaspace       used 6258K, capacity 6434K, committed 6552K, reserved 7472K
Event: 0,885 GC heap after
Heap after GC invocations=1 (full 0):
 PSYoungGen      total 19200K, used 2306K [0x918c0000, 0x93e40000, 0xa6e00000)
  eden space 16640K, 0% used [0x918c0000,0x918c0000,0x92900000)
  from space 2560K, 90% used [0x92900000,0x92b40870,0x92b80000)
  to   space 2560K, 0% used [0x93bc0000,0x93bc0000,0x93e40000)
 ParOldGen       total 43776K, used 12K [0x66e00000, 0x698c0000, 0x918c0000)
  object space 43776K, 0% used [0x66e00000,0x66e03000,0x698c0000)
 Metaspace       used 6258K, capacity 6434K, committed 6552K, reserved 7472K
}
Event: 17,892 GC heap before
{Heap before GC invocations=2 (full 0):
 PSYoungGen      total 19200K, used 18946K [0x918c0000, 0x93e40000, 0xa6e00000)
  eden space 16640K, 100% used [0x918c0000,0x92900000,0x92900000)
  from space 2560K, 90% used [0x92900000,0x92b40870,0x92b80000)
  to   space 2560K, 0% used [0x93bc0000,0x93bc0000,0x93e40000)
 ParOldGen       total 43776K, used 12K [0x66e00000, 0x698c0000, 0x918c0000)
  object space 43776K, 0% used [0x66e00000,0x66e03000,0x698c0000)
 Metaspace       used 8891K, capacity 9070K, committed 9112K, reserved 9520K
Event: 17,906 GC heap after
Heap after GC invocations=2 (full 0):
 PSYoungGen      total 35840K, used 2549K [0x918c0000, 0x93e40000, 0xa6e00000)
  eden space 33280K, 0% used [0x918c0000,0x918c0000,0x93940000)
  from space 2560K, 99% used [0x93bc0000,0x93e3d4b8,0x93e40000)
  to   space 2560K, 0% used [0x93940000,0x93940000,0x93bc0000)
 ParOldGen       total 43776K, used 1171K [0x66e00000, 0x698c0000, 0x918c0000)
  object space 43776K, 2% used [0x66e00000,0x66f24e18,0x698c0000)
 Metaspace       used 8891K, capacity 9070K, committed 9112K, reserved 9520K
}

Deoptimization events (10 events):
Event: 3,009 Thread 0x6130a400 Uncommon trap: reason=unstable_if action=reinterpret pc=0xa74a7730 method=java.lang.Math.round(F)I @ 23
Event: 21,537 Thread 0x6296d800 Uncommon trap: reason=unstable_if action=reinterpret pc=0xa762e5a0 method=sun.java2d.SunGraphics2D.validateColor()V @ 38
Event: 21,537 Thread 0x6296d800 Uncommon trap: reason=unstable_if action=reinterpret pc=0xa7638d80 method=sun.java2d.SunGraphics2D.validateColor()V @ 38
Event: 21,537 Thread 0x6296d800 Uncommon trap: reason=unstable_if action=reinterpret pc=0xa7615958 method=sun.java2d.xr.XRCompositeManager.validateCompositeState(Ljava/awt/Composite;Ljava/awt/geom/AffineTransform;Ljava/awt/Paint;Lsun/java2d/SunGraphics2D;)V @ 24
Event: 21,537 Thread 0x6296d800 Uncommon trap: reason=unstable_if action=reinterpret pc=0xa763a3bc method=sun.java2d.xr.XRCompositeManager.maskRequired()Z @ 11
Event: 44,559 Thread 0x6296d800 Uncommon trap: reason=class_check action=maybe_recompile pc=0xa768508c method=java.awt.EventQueue.coalesceEvent(Ljava/awt/AWTEvent;I)Z @ 32
Event: 44,562 Thread 0x6296d800 Uncommon trap: reason=class_check action=maybe_recompile pc=0xa768508c method=java.awt.EventQueue.coalesceEvent(Ljava/awt/AWTEvent;I)Z @ 32
Event: 44,646 Thread 0x6296d800 Uncommon trap: reason=class_check action=maybe_recompile pc=0xa7684ffc method=java.awt.EventQueue.cacheEQItem(Lsun/awt/EventQueueItem;)V @ 20
Event: 44,653 Thread 0x6296d800 Uncommon trap: reason=class_check action=maybe_recompile pc=0xa768508c method=java.awt.EventQueue.coalesceEvent(Ljava/awt/AWTEvent;I)Z @ 32
Event: 44,654 Thread 0x6296d800 Uncommon trap: reason=unstable_if action=reinterpret pc=0xa7684b40 method=java.awt.EventQueue.getPriority(Ljava/awt/AWTEvent;)I @ 71

Internal exceptions (10 events):
Event: 0,142 Thread 0xb6207800 Exception <a 'java/lang/NoSuchFieldError': method resolution failed> (0x91a54f70) thrown at [/build/openjdk-8-JgCXLD/openjdk-8-8u121-b13/src/hotspot/src/share/vm/prims/methodHandles.cpp, line 1146]
Event: 0,143 Thread 0xb6207800 Exception <a 'java/lang/NoSuchFieldError': method resolution failed> (0x91a61528) thrown at [/build/openjdk-8-JgCXLD/openjdk-8-8u121-b13/src/hotspot/src/share/vm/prims/methodHandles.cpp, line 1146]
Event: 0,170 Thread 0xb6207800 Exception <a 'java/io/FileNotFoundException'> (0x91ad4f68) thrown at [/build/openjdk-8-JgCXLD/openjdk-8-8u121-b13/src/hotspot/src/share/vm/prims/jni.cpp, line 709]
Event: 0,170 Thread 0xb6207800 Exception <a 'java/io/FileNotFoundException'> (0x91ad59a8) thrown at [/build/openjdk-8-JgCXLD/openjdk-8-8u121-b13/src/hotspot/src/share/vm/prims/jni.cpp, line 709]
Event: 0,188 Thread 0xb6207800 Exception <a 'java/lang/ClassNotFoundException': sun/dc/DuctusRenderingEngine> (0x91aef6b8) thrown at [/build/openjdk-8-JgCXLD/openjdk-8-8u121-b13/src/hotspot/src/share/vm/classfile/systemDictionary.cpp, line 210]
Event: 0,840 Thread 0x62fed000 Implicit null exception at 0xa7393410 to 0xa73934c1
Event: 1,043 Thread 0x6296d800 Exception <a 'java/lang/UnsupportedOperationException': > (0x91907c60) thrown at [/build/openjdk-8-JgCXLD/openjdk-8-8u121-b13/src/hotspot/src/share/vm/prims/jni.cpp, line 735]
Event: 2,907 Thread 0x6130a400 Implicit null exception at 0xa73f5b88 to 0xa73f6c79
Event: 3,085 Thread 0x6130a400 Exception <a 'java/io/FileNotFoundException'> (0x91d7d780) thrown at [/build/openjdk-8-JgCXLD/openjdk-8-8u121-b13/src/hotspot/src/share/vm/prims/jni.cpp, line 709]
Event: 3,305 Thread 0x6296d800 Exception <a 'java/lang/UnsupportedOperationException': > (0x91e13120) thrown at [/build/openjdk-8-JgCXLD/openjdk-8-8u121-b13/src/hotspot/src/share/vm/prims/jni.cpp, line 735]

Events (10 events):
Event: 604,275 loading class javax/swing/RepaintManager$DisplayChangedRunnable
Event: 604,295 loading class javax/swing/RepaintManager$DisplayChangedRunnable done
Event: 604,813 loading class sun/awt/X11/XAWTXSettings$1
Event: 604,828 loading class sun/awt/X11/XAWTXSettings$1 done
Event: 7624,835 loading class sun/misc/Signal$1
Event: 7624,835 loading class sun/misc/Signal$1 done
Event: 7624,859 Thread 0x63604000 Thread added: 0x63604000
Event: 7624,862 Thread 0x63604c00 Thread added: 0x63604c00
Event: 7624,864 Thread 0x66901000 Thread added: 0x66901000
Event: 7624,864 loading class sun/awt/X11/XSystemTrayPeer


Dynamic libraries:
08048000-08049000 r-xp 00000000 08:06 797792     /usr/lib/jvm/java-8-openjdk-i386/jre/bin/java
08049000-0804a000 r--p 00000000 08:06 797792     /usr/lib/jvm/java-8-openjdk-i386/jre/bin/java
0804a000-0804b000 rw-p 00001000 08:06 797792     /usr/lib/jvm/java-8-openjdk-i386/jre/bin/java
08685000-086f5000 rw-p 00000000 00:00 0          [heap]
61200000-61300000 rw-p 00000000 00:00 0 
61300000-613ef000 rw-p 00000000 00:00 0 
613ef000-61400000 ---p 00000000 00:00 0 
61400000-614fd000 rw-p 00000000 00:00 0 
614fd000-61500000 ---p 00000000 00:00 0 
61500000-615ad000 rw-p 00000000 00:00 0 
615ad000-61600000 ---p 00000000 00:00 0 
61682000-61685000 ---p 00000000 00:00 0 
61685000-616d3000 rw-p 00000000 00:00 0 
61900000-619fe000 rw-p 00000000 00:00 0 
619fe000-61a00000 ---p 00000000 00:00 0 
61b00000-61bfc000 rw-p 00000000 00:00 0 
61bfc000-61c00000 ---p 00000000 00:00 0 
61d00000-61dff000 rw-p 00000000 00:00 0 
61dff000-61e00000 ---p 00000000 00:00 0 
61f00000-61fec000 rw-p 00000000 00:00 0 
61fec000-62000000 ---p 00000000 00:00 0 
6205b000-6205e000 ---p 00000000 00:00 0 
6205e000-620ac000 rw-p 00000000 00:00 0 
620ac000-62100000 rw-s 00000000 00:05 15073321   /SYSV00000000 (deleted)
62100000-621c0000 rw-p 00000000 00:00 0 
621c0000-62200000 ---p 00000000 00:00 0 
62200000-62300000 rw-p 00000000 00:00 0 
62300000-623da000 rw-p 00000000 00:00 0 
623da000-62400000 ---p 00000000 00:00 0 
62417000-6241a000 ---p 00000000 00:00 0 
6241a000-62468000 rw-p 00000000 00:00 0 
62468000-6246b000 ---p 00000000 00:00 0 
6246b000-624b9000 rw-p 00000000 00:00 0 
624b9000-624be000 r--s 00000000 08:06 4599276    /var/cache/fontconfig/4be9850f182b35c1350b6bbf2e42601c-le32d4.cache-6
624be000-624bf000 r--s 00000000 08:06 4599448    /var/cache/fontconfig/30a99c4256905863f7aa12b5e873c27c-le32d4.cache-6
624bf000-624c0000 r--s 00000000 08:06 4599242    /var/cache/fontconfig/087e1975ba9a574b140bb1df193bf770-le32d4.cache-6
624c0000-624c3000 r--s 00000000 08:06 4599444    /var/cache/fontconfig/6aa41aa22e18b8fa06a12da28ea9c28b-le32d4.cache-6
624c3000-624cb000 r--s 00000000 08:06 4599303    /var/cache/fontconfig/945677eb7aeaf62f1d50efc3fb3ec7d8-le32d4.cache-6
624cb000-624cf000 r--s 00000000 08:06 4599442    /var/cache/fontconfig/2cd17615ca594fa2959ae173292e504c-le32d4.cache-6
624cf000-624d0000 r--s 00000000 08:06 4599439    /var/cache/fontconfig/0d8c3b2ac0904cb8a57a757ad11a4a08-le32d4.cache-6
624d0000-624df000 r--s 00000000 08:06 4599438    /var/cache/fontconfig/04aabc0a78ac019cf9454389977116d2-le32d4.cache-6
624df000-624e0000 r--s 00000000 08:06 4599437    /var/cache/fontconfig/1ac9eb803944fde146138c791f5cc56a-le32d4.cache-6
624e0000-624e3000 r--s 00000000 08:06 4599433    /var/cache/fontconfig/385c0604a188198f04d133e54aba7fe7-le32d4.cache-6
624e3000-624e4000 r--s 00000000 08:06 4599432    /var/cache/fontconfig/9c956a7723ca69a44b382d9179c9802f-le32d4.cache-6
624e4000-624e5000 r--s 00000000 08:06 4599431    /var/cache/fontconfig/dc05db6664285cc2f12bf69c139ae4c3-le32d4.cache-6
624e5000-624e7000 r--s 00000000 08:06 4599422    /var/cache/fontconfig/767a8244fc0220cfb567a839d0392e0b-le32d4.cache-6
624e7000-624e8000 r--s 00000000 08:06 4608292    /var/cache/fontconfig/4794a0821666d79190d59a36cb4f44b5-le32d4.cache-6
624e8000-624e9000 r--s 00000000 08:06 4599419    /var/cache/fontconfig/9eae20f1ff8cc0a7d125749e875856bd-le32d4.cache-6
624e9000-624eb000 r--s 00000000 08:06 4599418    /var/cache/fontconfig/bf2c1853a9e9b00bb02fe2e9bcf1e201-le32d4.cache-6
624eb000-624ef000 r--s 00000000 08:06 4599416    /var/cache/fontconfig/8801497958630a81b71ace7c5f9b32a8-le32d4.cache-6
624ef000-624f0000 r--s 00000000 08:06 4599414    /var/cache/fontconfig/bab58bb527bb656aaa9f116d68a48d89-le32d4.cache-6
624f0000-624f5000 r--s 00000000 08:06 4599412    /var/cache/fontconfig/3047814df9a2f067bd2d96a2b9c36e5a-le32d4.cache-6
624f5000-624fb000 r--s 00000000 08:06 4599411    /var/cache/fontconfig/bf3b770c553c462765856025a94f1ce6-le32d4.cache-6
624fb000-624fc000 r--s 00000000 08:06 4599400    /var/cache/fontconfig/56cf4f4769d0f4abc89a4895d7bd3ae1-le32d4.cache-6
624fc000-624fd000 r--s 00000000 08:06 4599399    /var/cache/fontconfig/b9d506c9ac06c20b433354fa67a72993-le32d4.cache-6
624fd000-62501000 r--s 00000000 08:06 4599398    /var/cache/fontconfig/b47c4e1ecd0709278f4910c18777a504-le32d4.cache-6
62501000-62503000 r--s 00000000 08:06 4599397    /var/cache/fontconfig/14d493b97896515cad3840ba4896e372-le32d4.cache-6
62503000-62506000 r--s 00000000 08:06 4599385    /var/cache/fontconfig/e49e89034d371f0f9de17aab02136486-le32d4.cache-6
62506000-62508000 r--s 00000000 08:06 4599384    /var/cache/fontconfig/4b14b093aebc79c320de5e86ae1d3314-le32d4.cache-6
62508000-62518000 r--s 00000000 08:06 4599380    /var/cache/fontconfig/d52a8644073d54c13679302ca1180695-le32d4.cache-6
62518000-62519000 r--s 00000000 08:06 4599379    /var/cache/fontconfig/551ecf3b0e8b0bca0f25c0944f561853-le32d4.cache-6
62519000-6251a000 r--s 00000000 08:06 4599373    /var/cache/fontconfig/8a687c406b77f27d99abfeeba937fcce-le32d4.cache-6
6251a000-6251e000 r--s 00000000 08:06 4599372    /var/cache/fontconfig/75ad6aa2358a85f0de2c8ee4837e8227-le32d4.cache-6
6251e000-62520000 r--s 00000000 08:06 4599370    /var/cache/fontconfig/65f976e5259cbe6dc7697b8648396239-le32d4.cache-6
62520000-62529000 r--s 00000000 08:06 4599357    /var/cache/fontconfig/d589a48862398ed80a3d6066f4f56f4c-le32d4.cache-6
62529000-6252c000 r--s 00000000 08:06 4599354    /var/cache/fontconfig/246184dc75a16901ca37d96895904249-le32d4.cache-6
6252c000-6252d000 r--s 00000000 08:06 4599347    /var/cache/fontconfig/94f7fe9bd33aadfac165873bd010d595-le32d4.cache-6
6252d000-62537000 r--s 00000000 08:06 4599317    /var/cache/fontconfig/198d8fcf01c96d0cf813f74fd759bdb7-le32d4.cache-6
62537000-6253f000 r--s 00000000 08:06 4599277    /var/cache/fontconfig/83bf95040141907cd45bb53cf7c1c148-le32d4.cache-6
6253f000-6254f000 r--s 00000000 08:06 4599219    /var/cache/fontconfig/4ac51e5cfbc76fc3f983e470323a16d3-le32d4.cache-6
6254f000-6255f000 r--s 00000000 08:06 4595722    /var/cache/fontconfig/e13b20fdb08344e0e664864cc2ede53d-le32d4.cache-6
62581000-62584000 ---p 00000000 00:00 0 
62584000-625d2000 rw-p 00000000 00:00 0 
625d2000-625d5000 r--s 00000000 08:06 4599287    /var/cache/fontconfig/75114ca45c98e8a441da0ff356701271-le32d4.cache-6
625d5000-625ee000 r--s 00000000 08:06 4587944    /var/cache/fontconfig/467c019e582ee353435ea5c21d137ef6-le32d4.cache-6
625ee000-627af000 rw-p 00000000 00:00 0 
627af000-627b2000 ---p 00000000 00:00 0 
627b2000-62900000 rw-p 00000000 00:00 0 
62900000-62981000 rw-p 00000000 00:00 0 
62981000-62a00000 ---p 00000000 00:00 0 
62a00000-62a0e000 r--s 00000000 08:06 4599274    /var/cache/fontconfig/9b89f8e3dae116d678bbf48e5f21f69b-le32d4.cache-6
62a0e000-62a18000 r--s 00000000 08:06 4599451    /var/cache/fontconfig/8f02d4cb045bd6ce15663e43f347c9f8-le32d4.cache-6
62a30000-62b30000 rw-p 00000000 00:00 0 
62b30000-62b33000 ---p 00000000 00:00 0 
62b33000-62b81000 rw-p 00000000 00:00 0 
62b81000-62b84000 ---p 00000000 00:00 0 
62b84000-62bd2000 rw-p 00000000 00:00 0 
62bd2000-62bfb000 r-xp 00000000 08:06 263619     /lib/i386-linux-gnu/libpng12.so.0.54.0
62bfb000-62bfc000 r--p 00028000 08:06 263619     /lib/i386-linux-gnu/libpng12.so.0.54.0
62bfc000-62bfd000 rw-p 00029000 08:06 263619     /lib/i386-linux-gnu/libpng12.so.0.54.0
62bfd000-62ca8000 r-xp 00000000 08:06 792598     /usr/lib/i386-linux-gnu/libfreetype.so.6.12.1
62ca8000-62cac000 r--p 000aa000 08:06 792598     /usr/lib/i386-linux-gnu/libfreetype.so.6.12.1
62cac000-62cad000 rw-p 000ae000 08:06 792598     /usr/lib/i386-linux-gnu/libfreetype.so.6.12.1
62cad000-62cfa000 r-xp 00000000 08:06 797752     /usr/lib/jvm/java-8-openjdk-i386/jre/lib/i386/libfontmanager.so
62cfa000-62cfb000 ---p 0004d000 08:06 797752     /usr/lib/jvm/java-8-openjdk-i386/jre/lib/i386/libfontmanager.so
62cfb000-62cfc000 r--p 0004d000 08:06 797752     /usr/lib/jvm/java-8-openjdk-i386/jre/lib/i386/libfontmanager.so
62cfc000-62cfd000 rw-p 0004e000 08:06 797752     /usr/lib/jvm/java-8-openjdk-i386/jre/lib/i386/libfontmanager.so
62cfd000-62e43000 r-xp 00000000 08:06 792163     /usr/lib/i386-linux-gnu/libX11.so.6.3.0
62e43000-62e44000 ---p 00146000 08:06 792163     /usr/lib/i386-linux-gnu/libX11.so.6.3.0
62e44000-62e45000 r--p 00146000 08:06 792163     /usr/lib/i386-linux-gnu/libX11.so.6.3.0
62e45000-62e47000 rw-p 00147000 08:06 792163     /usr/lib/i386-linux-gnu/libX11.so.6.3.0
62e47000-62e48000 rw-p 00000000 00:00 0 
62e48000-62ed4000 r-xp 00000000 08:06 797769     /usr/lib/jvm/java-8-openjdk-i386/jre/lib/i386/libawt.so
62ed4000-62ed5000 r--p 0008b000 08:06 797769     /usr/lib/jvm/java-8-openjdk-i386/jre/lib/i386/libawt.so
62ed5000-62edc000 rw-p 0008c000 08:06 797769     /usr/lib/jvm/java-8-openjdk-i386/jre/lib/i386/libawt.so
62edc000-62f00000 rw-p 00000000 00:00 0 
62f00000-63000000 rw-p 00000000 00:00 0 
63000000-63005000 r--s 00000000 08:06 4599260    /var/cache/fontconfig/53d14c92082a93e67d5078324eb314ca-le32d4.cache-6
63005000-63056000 r-xp 00000000 08:06 797764     /usr/lib/jvm/java-8-openjdk-i386/jre/lib/i386/libawt_xawt.so
63056000-63057000 r--p 00050000 08:06 797764     /usr/lib/jvm/java-8-openjdk-i386/jre/lib/i386/libawt_xawt.so
63057000-63059000 rw-p 00051000 08:06 797764     /usr/lib/jvm/java-8-openjdk-i386/jre/lib/i386/libawt_xawt.so
63059000-6305a000 rw-p 00000000 00:00 0 
6305a000-6305b000 ---p 00000000 00:00 0 
6305b000-630db000 rw-p 00000000 00:00 0 
630db000-630de000 ---p 00000000 00:00 0 
630de000-6312c000 rw-p 00000000 00:00 0 
6312c000-6312f000 ---p 00000000 00:00 0 
6312f000-631ad000 rw-p 00000000 00:00 0 
631ad000-631b0000 ---p 00000000 00:00 0 
631b0000-6322e000 rw-p 00000000 00:00 0 
6322e000-63231000 ---p 00000000 00:00 0 
63231000-632af000 rw-p 00000000 00:00 0 
632af000-632b2000 ---p 00000000 00:00 0 
632b2000-63300000 rw-p 00000000 00:00 0 
63300000-63500000 r--p 00000000 08:06 796004     /usr/lib/locale/locale-archive
63500000-635fb000 rw-p 00000000 00:00 0 
635fb000-63600000 ---p 00000000 00:00 0 
63600000-63621000 rw-p 00000000 00:00 0 
63621000-63700000 ---p 00000000 00:00 0 
63700000-63800000 rw-p 00000000 00:00 0 
63800000-63801000 r--s 00000000 08:06 4599333    /var/cache/fontconfig/423767150eb258c59035de29db6fca84-le32d4.cache-6
63801000-63812000 r-xp 00000000 08:06 797756     /usr/lib/jvm/java-8-openjdk-i386/jre/lib/i386/libnio.so
63812000-63813000 r--p 00010000 08:06 797756     /usr/lib/jvm/java-8-openjdk-i386/jre/lib/i386/libnio.so
63813000-63814000 rw-p 00011000 08:06 797756     /usr/lib/jvm/java-8-openjdk-i386/jre/lib/i386/libnio.so
63814000-63817000 ---p 00000000 00:00 0 
63817000-63865000 rw-p 00000000 00:00 0 
63865000-63866000 ---p 00000000 00:00 0 
63866000-638e6000 rw-p 00000000 00:00 0 
638e6000-63ab4000 r--s 03c06000 08:06 797787     /usr/lib/jvm/java-8-openjdk-i386/jre/lib/rt.jar
63ab4000-63efa000 rw-p 00000000 00:00 0 
63efa000-63f00000 ---p 00000000 00:00 0 
63f00000-66300000 rw-p 00000000 00:00 0 
66300000-663f7000 rw-p 00000000 00:00 0 
663f7000-66400000 ---p 00000000 00:00 0 
66400000-66402000 r--s 00000000 08:06 4599329    /var/cache/fontconfig/67709b7835c0f764c1135060c9575660-le32d4.cache-6
66402000-66404000 r--s 00000000 08:06 4599273    /var/cache/fontconfig/6e6b34ae150a7ad95e82fb4a522f0bda-le32d4.cache-6
66404000-66408000 r--s 00000000 08:06 4598988    /var/cache/fontconfig/3629f2adf904f9a612908891fae71ceb-le32d4.cache-6
66408000-6642e000 r--p 00000000 08:06 1576196    /usr/share/locale-langpack/fr/LC_MESSAGES/libc.mo
6642e000-66431000 ---p 00000000 00:00 0 
66431000-6647f000 rw-p 00000000 00:00 0 
6647f000-66480000 ---p 00000000 00:00 0 
66480000-66500000 rw-p 00000000 00:00 0 
66500000-66600000 rw-p 00000000 00:00 0 
66600000-66601000 r--s 00000000 08:06 4599330    /var/cache/fontconfig/406a1d2d2bf3ed7664fbadefac0b2f66-le32d4.cache-6
66601000-6660a000 r-xp 00000000 08:06 792174     /usr/lib/i386-linux-gnu/libXcursor.so.1.0.2
6660a000-6660b000 r--p 00008000 08:06 792174     /usr/lib/i386-linux-gnu/libXcursor.so.1.0.2
6660b000-6660c000 rw-p 00009000 08:06 792174     /usr/lib/i386-linux-gnu/libXcursor.so.1.0.2
6660c000-66630000 r-xp 00000000 08:06 793538     /usr/lib/i386-linux-gnu/libxcb.so.1.1.0
66630000-66631000 r--p 00023000 08:06 793538     /usr/lib/i386-linux-gnu/libxcb.so.1.1.0
66631000-66632000 rw-p 00024000 08:06 793538     /usr/lib/i386-linux-gnu/libxcb.so.1.1.0
66632000-6667f000 rw-p 00000000 00:00 0 
6667f000-66680000 ---p 00000000 00:00 0 
66680000-66700000 rw-p 00000000 00:00 0 
66700000-66721000 rw-p 00000000 00:00 0 
66721000-66800000 ---p 00000000 00:00 0 
66800000-66801000 r--s 00000000 08:06 4599328    /var/cache/fontconfig/30829fa25452a46451e813d634d7f916-le32d4.cache-6
66801000-66806000 r-xp 00000000 08:06 792182     /usr/lib/i386-linux-gnu/libXfixes.so.3.1.0
66806000-66807000 r--p 00004000 08:06 792182     /usr/lib/i386-linux-gnu/libXfixes.so.3.1.0
66807000-66808000 rw-p 00005000 08:06 792182     /usr/lib/i386-linux-gnu/libXfixes.so.3.1.0
66808000-6680c000 r--s 00000000 08:06 4596540    /var/cache/fontconfig/7ef2298fde41cc6eeb7af42e48b7d293-le32d4.cache-6
6680c000-66822000 r-xp 00000000 08:06 797746     /usr/lib/jvm/java-8-openjdk-i386/jre/lib/i386/libnet.so
66822000-66823000 r--p 00015000 08:06 797746     /usr/lib/jvm/java-8-openjdk-i386/jre/lib/i386/libnet.so
66823000-66824000 rw-p 00016000 08:06 797746     /usr/lib/jvm/java-8-openjdk-i386/jre/lib/i386/libnet.so
66824000-6687f000 rw-p 00000000 00:00 0 
6687f000-66880000 ---p 00000000 00:00 0 
66880000-66900000 rw-p 00000000 00:00 0 
66900000-66921000 rw-p 00000000 00:00 0 
66921000-66a00000 ---p 00000000 00:00 0 
66a00000-66a01000 r--s 00000000 08:06 4599314    /var/cache/fontconfig/0c9eb80ebd1c36541ebe2852d3bb0c49-le32d4.cache-6
66a01000-66a02000 r--s 00000000 08:06 4599265    /var/cache/fontconfig/3334a778d104e76d188e9df399bc24d2-le32d4.cache-6
66a02000-66a03000 r--s 00000000 08:06 4599247    /var/cache/fontconfig/43bfe21a9e1edebcf703d79ee2950b06-le32d4.cache-6
66a03000-66a08000 r-xp 00000000 08:06 792178     /usr/lib/i386-linux-gnu/libXdmcp.so.6.0.0
66a08000-66a09000 r--p 00004000 08:06 792178     /usr/lib/i386-linux-gnu/libXdmcp.so.6.0.0
66a09000-66a0a000 rw-p 00005000 08:06 792178     /usr/lib/i386-linux-gnu/libXdmcp.so.6.0.0
66a0a000-66a0c000 r-xp 00000000 08:06 792167     /usr/lib/i386-linux-gnu/libXau.so.6.0.0
66a0c000-66a0d000 r--p 00001000 08:06 792167     /usr/lib/i386-linux-gnu/libXau.so.6.0.0
66a0d000-66a0e000 rw-p 00002000 08:06 792167     /usr/lib/i386-linux-gnu/libXau.so.6.0.0
66a0e000-66a1f000 r-xp 00000000 08:06 792188     /usr/lib/i386-linux-gnu/libXi.so.6.1.0
66a1f000-66a20000 r--p 00010000 08:06 792188     /usr/lib/i386-linux-gnu/libXi.so.6.1.0
66a20000-66a21000 rw-p 00011000 08:06 792188     /usr/lib/i386-linux-gnu/libXi.so.6.1.0
66a21000-66a26000 r-xp 00000000 08:06 792206     /usr/lib/i386-linux-gnu/libXtst.so.6.1.0
66a26000-66a27000 r--p 00004000 08:06 792206     /usr/lib/i386-linux-gnu/libXtst.so.6.1.0
66a27000-66a28000 rw-p 00005000 08:06 792206     /usr/lib/i386-linux-gnu/libXtst.so.6.1.0
66a28000-66a29000 ---p 00000000 00:00 0 
66a29000-66abf000 rw-p 00000000 00:00 0 
66abf000-66bff000 ---p 00000000 00:00 0 
66bff000-66c15000 rw-p 00000000 00:00 0 
66c15000-66d54000 ---p 00000000 00:00 0 
66d54000-66d68000 rw-p 00000000 00:00 0 
66d68000-66dff000 ---p 00000000 00:00 0 
66dff000-698c0000 rw-p 00000000 00:00 0 
698c0000-918c0000 ---p 00000000 00:00 0 
918c0000-93e40000 rw-p 00000000 00:00 0 
93e40000-a6e00000 ---p 00000000 00:00 0 
a6e00000-a6e03000 r--s 00000000 08:06 4598405    /var/cache/fontconfig/de83a0a961185c8bd1f159015d56c039-le32d4.cache-6
a6e03000-a6e0d000 r-xp 00000000 08:06 792200     /usr/lib/i386-linux-gnu/libXrender.so.1.3.0
a6e0d000-a6e0e000 r--p 00009000 08:06 792200     /usr/lib/i386-linux-gnu/libXrender.so.1.3.0
a6e0e000-a6e0f000 rw-p 0000a000 08:06 792200     /usr/lib/i386-linux-gnu/libXrender.so.1.3.0
a6e0f000-a6e22000 r-xp 00000000 08:06 792180     /usr/lib/i386-linux-gnu/libXext.so.6.4.0
a6e22000-a6e23000 r--p 00012000 08:06 792180     /usr/lib/i386-linux-gnu/libXext.so.6.4.0
a6e23000-a6e24000 rw-p 00013000 08:06 792180     /usr/lib/i386-linux-gnu/libXext.so.6.4.0
a6e24000-a6e26000 r--s 00000000 08:06 4599452    /var/cache/fontconfig/16326683038b281783a0ef8c680e3a10-le32d4.cache-6
a6e26000-a6e39000 r--s 00346000 08:06 793697     /usr/lib/jvm/java-8-openjdk-i386/jre/lib/resources.jar
a6e39000-a6e40000 r--s 00000000 08:06 794666     /usr/lib/i386-linux-gnu/gconv/gconv-modules.cache
a6e40000-a6e53000 rw-p 00000000 00:00 0 
a6e53000-a7200000 ---p 00000000 00:00 0 
a7200000-a76a8000 rwxp 00000000 00:00 0 
a76a8000-b6200000 ---p 00000000 00:00 0 
b6200000-b62fb000 rw-p 00000000 00:00 0 
b62fb000-b6300000 ---p 00000000 00:00 0 
b6300000-b6301000 r--s 00000000 08:06 4599205    /var/cache/fontconfig/c277e94e32b20404286a1ddafa5a80f0-le32d4.cache-6
b6301000-b6302000 r--s 00000000 08:06 4599450    /var/cache/fontconfig/e0aa53bcfa504e64f87823c16bc01eb6-le32d4.cache-6
b6302000-b6307000 r--s 0003b000 08:06 797780     /usr/lib/jvm/java-8-openjdk-i386/jre/lib/ext/sunjce_provider.jar
b6307000-b630b000 r--s 00037000 08:06 797778     /usr/lib/jvm/java-8-openjdk-i386/jre/lib/ext/sunpkcs11.jar
b630b000-b6326000 r--s 001d6000 08:06 797773     /usr/lib/jvm/java-8-openjdk-i386/jre/lib/ext/nashorn.jar
b6326000-b6341000 r--s 00394000 08:06 797776     /usr/lib/jvm/java-8-openjdk-i386/jre/lib/ext/cldrdata.jar
b6341000-b634b000 r--s 00116000 08:06 797779     /usr/lib/jvm/java-8-openjdk-i386/jre/lib/ext/localedata.jar
b634b000-b6363000 rw-p 00000000 00:00 0 
b6363000-b636e000 r-xp 00000000 08:06 263577     /lib/i386-linux-gnu/libnss_files-2.23.so
b636e000-b636f000 r--p 0000a000 08:06 263577     /lib/i386-linux-gnu/libnss_files-2.23.so
b636f000-b6370000 rw-p 0000b000 08:06 263577     /lib/i386-linux-gnu/libnss_files-2.23.so
b6370000-b6376000 rw-p 00000000 00:00 0 
b6376000-b6381000 r-xp 00000000 08:06 263587     /lib/i386-linux-gnu/libnss_nis-2.23.so
b6381000-b6382000 r--p 0000a000 08:06 263587     /lib/i386-linux-gnu/libnss_nis-2.23.so
b6382000-b6383000 rw-p 0000b000 08:06 263587     /lib/i386-linux-gnu/libnss_nis-2.23.so
b6383000-b639a000 r-xp 00000000 08:06 263571     /lib/i386-linux-gnu/libnsl-2.23.so
b639a000-b639b000 r--p 00016000 08:06 263571     /lib/i386-linux-gnu/libnsl-2.23.so
b639b000-b639c000 rw-p 00017000 08:06 263571     /lib/i386-linux-gnu/libnsl-2.23.so
b639c000-b639e000 rw-p 00000000 00:00 0 
b639e000-b639f000 r--s 0000a000 08:06 797781     /usr/lib/jvm/java-8-openjdk-i386/jre/lib/ext/jaccess.jar
b639f000-b63a2000 r--s 0000f000 08:06 797775     /usr/lib/jvm/java-8-openjdk-i386/jre/lib/ext/icedtea-sound.jar
b63a2000-b63a3000 r--s 00010000 08:06 797777     /usr/lib/jvm/java-8-openjdk-i386/jre/lib/ext/zipfs.jar
b63a3000-b63a5000 r--s 00008000 08:06 797772     /usr/lib/jvm/java-8-openjdk-i386/jre/lib/ext/sunec.jar
b63a5000-b63a7000 r--s 00001000 08:06 797774     /usr/lib/jvm/java-8-openjdk-i386/jre/lib/ext/dnsns.jar
b63a7000-b63a8000 r--p 009bd000 08:06 796004     /usr/lib/locale/locale-archive
b63a8000-b63b0000 r-xp 00000000 08:06 797744     /usr/lib/jvm/java-8-openjdk-i386/jre/lib/i386/libzip.so
b63b0000-b63b1000 r--p 00007000 08:06 797744     /usr/lib/jvm/java-8-openjdk-i386/jre/lib/i386/libzip.so
b63b1000-b63b2000 rw-p 00008000 08:06 797744     /usr/lib/jvm/java-8-openjdk-i386/jre/lib/i386/libzip.so
b63b2000-b63ba000 rw-s 00000000 08:06 1181946    /tmp/hsperfdata_loick/16232
b63ba000-b63e1000 r-xp 00000000 08:06 797771     /usr/lib/jvm/java-8-openjdk-i386/jre/lib/i386/libjava.so
b63e1000-b63e2000 r--p 00026000 08:06 797771     /usr/lib/jvm/java-8-openjdk-i386/jre/lib/i386/libjava.so
b63e2000-b63e3000 rw-p 00027000 08:06 797771     /usr/lib/jvm/java-8-openjdk-i386/jre/lib/i386/libjava.so
b63e3000-b63ea000 r-xp 00000000 08:06 263632     /lib/i386-linux-gnu/librt-2.23.so
b63ea000-b63eb000 r--p 00006000 08:06 263632     /lib/i386-linux-gnu/librt-2.23.so
b63eb000-b63ec000 rw-p 00007000 08:06 263632     /lib/i386-linux-gnu/librt-2.23.so
b63ec000-b63ef000 ---p 00000000 00:00 0 
b63ef000-b643d000 rw-p 00000000 00:00 0 
b643d000-b6459000 r-xp 00000000 08:06 263518     /lib/i386-linux-gnu/libgcc_s.so.1
b6459000-b645a000 rw-p 0001b000 08:06 263518     /lib/i386-linux-gnu/libgcc_s.so.1
b645a000-b64ad000 r-xp 00000000 08:06 263550     /lib/i386-linux-gnu/libm-2.23.so
b64ad000-b64ae000 r--p 00052000 08:06 263550     /lib/i386-linux-gnu/libm-2.23.so
b64ae000-b64af000 rw-p 00053000 08:06 263550     /lib/i386-linux-gnu/libm-2.23.so
b64af000-b661c000 r-xp 00000000 08:06 788602     /usr/lib/i386-linux-gnu/libstdc++.so.6.0.21
b661c000-b661d000 ---p 0016d000 08:06 788602     /usr/lib/i386-linux-gnu/libstdc++.so.6.0.21
b661d000-b6622000 r--p 0016d000 08:06 788602     /usr/lib/i386-linux-gnu/libstdc++.so.6.0.21
b6622000-b6623000 rw-p 00172000 08:06 788602     /usr/lib/i386-linux-gnu/libstdc++.so.6.0.21
b6623000-b6626000 rw-p 00000000 00:00 0 
b6626000-b70f3000 r-xp 00000000 08:06 797766     /usr/lib/jvm/java-8-openjdk-i386/jre/lib/i386/server/libjvm.so
b70f3000-b70f4000 ---p 00acd000 08:06 797766     /usr/lib/jvm/java-8-openjdk-i386/jre/lib/i386/server/libjvm.so
b70f4000-b7139000 r--p 00acd000 08:06 797766     /usr/lib/jvm/java-8-openjdk-i386/jre/lib/i386/server/libjvm.so
b7139000-b7150000 rw-p 00b12000 08:06 797766     /usr/lib/jvm/java-8-openjdk-i386/jre/lib/i386/server/libjvm.so
b7150000-b7571000 rw-p 00000000 00:00 0 
b7571000-b758a000 r-xp 00000000 08:06 263624     /lib/i386-linux-gnu/libpthread-2.23.so
b758a000-b758b000 r--p 00018000 08:06 263624     /lib/i386-linux-gnu/libpthread-2.23.so
b758b000-b758c000 rw-p 00019000 08:06 263624     /lib/i386-linux-gnu/libpthread-2.23.so
b758c000-b758e000 rw-p 00000000 00:00 0 
b758e000-b7591000 r-xp 00000000 08:06 263504     /lib/i386-linux-gnu/libdl-2.23.so
b7591000-b7592000 r--p 00002000 08:06 263504     /lib/i386-linux-gnu/libdl-2.23.so
b7592000-b7593000 rw-p 00003000 08:06 263504     /lib/i386-linux-gnu/libdl-2.23.so
b7593000-b75ac000 r-xp 00000000 08:06 263669     /lib/i386-linux-gnu/libz.so.1.2.8
b75ac000-b75ad000 r--p 00018000 08:06 263669     /lib/i386-linux-gnu/libz.so.1.2.8
b75ad000-b75ae000 rw-p 00019000 08:06 263669     /lib/i386-linux-gnu/libz.so.1.2.8
b75ae000-b775d000 r-xp 00000000 08:06 263480     /lib/i386-linux-gnu/libc-2.23.so
b775d000-b775e000 ---p 001af000 08:06 263480     /lib/i386-linux-gnu/libc-2.23.so
b775e000-b7760000 r--p 001af000 08:06 263480     /lib/i386-linux-gnu/libc-2.23.so
b7760000-b7761000 rw-p 001b1000 08:06 263480     /lib/i386-linux-gnu/libc-2.23.so
b7761000-b7764000 rw-p 00000000 00:00 0 
b7764000-b776c000 r-xp 00000000 08:06 263573     /lib/i386-linux-gnu/libnss_compat-2.23.so
b776c000-b776d000 r--p 00007000 08:06 263573     /lib/i386-linux-gnu/libnss_compat-2.23.so
b776d000-b776e000 rw-p 00008000 08:06 263573     /lib/i386-linux-gnu/libnss_compat-2.23.so
b776e000-b776f000 rw-p 00000000 00:00 0 
b776f000-b7770000 r--p 00000000 00:00 0 
b7770000-b777e000 r-xp 00000000 08:06 794772     /usr/lib/jvm/java-8-openjdk-i386/jre/lib/i386/libverify.so
b777e000-b777f000 r--p 0000d000 08:06 794772     /usr/lib/jvm/java-8-openjdk-i386/jre/lib/i386/libverify.so
b777f000-b7780000 rw-p 0000e000 08:06 794772     /usr/lib/jvm/java-8-openjdk-i386/jre/lib/i386/libverify.so
b7780000-b778d000 r-xp 00000000 08:06 797761     /usr/lib/jvm/java-8-openjdk-i386/jre/lib/i386/jli/libjli.so
b778d000-b778e000 r--p 0000c000 08:06 797761     /usr/lib/jvm/java-8-openjdk-i386/jre/lib/i386/jli/libjli.so
b778e000-b778f000 rw-p 0000d000 08:06 797761     /usr/lib/jvm/java-8-openjdk-i386/jre/lib/i386/jli/libjli.so
b778f000-b7791000 rw-p 00000000 00:00 0 
b7791000-b7793000 r--p 00000000 00:00 0          [vvar]
b7793000-b7794000 r-xp 00000000 00:00 0          [vdso]
b7794000-b77b6000 r-xp 00000000 08:06 263452     /lib/i386-linux-gnu/ld-2.23.so
b77b6000-b77b7000 rw-p 00000000 00:00 0 
b77b7000-b77b8000 r--p 00022000 08:06 263452     /lib/i386-linux-gnu/ld-2.23.so
b77b8000-b77b9000 rw-p 00023000 08:06 263452     /lib/i386-linux-gnu/ld-2.23.so
bf815000-bf816000 rwxp 00000000 00:00 0 
bf848000-bf869000 rw-p 00000000 00:00 0          [stack]

VM Arguments:
jvm_args: -Dfile.encoding=UTF-8 
java_command: Main
java_class_path (initial): /home/loick/GIT/COO-L3-2017/coo-tp9-othello/bin:/home/loick/GIT/COO-L3-2017/coo-tp9-othello/lib/mysql-connector-java-5.0.5/mysql-connector-java-5.0.5-bin.jar
Launcher Type: SUN_STANDARD

Environment Variables:
PATH=/home/loick/bin:/home/loick/.local/bin:/usr/local/sbin:/usr/local/bin:/usr/sbin:/usr/bin:/sbin:/bin:/usr/games:/usr/local/games:/snap/bin
LD_LIBRARY_PATH=/usr/lib/jvm/java-8-openjdk-i386/jre/lib/i386/server:/usr/lib/jvm/java-8-openjdk-i386/jre/lib/i386:
SHELL=/bin/bash
DISPLAY=:0

Signal Handlers:
SIGSEGV: [libjvm.so+0x8d4c70], sa_mask[0]=11111111011111111101111111111110, sa_flags=SA_RESTART|SA_SIGINFO
SIGBUS: [libjvm.so+0x8d4c70], sa_mask[0]=11111111011111111101111111111110, sa_flags=SA_RESTART|SA_SIGINFO
SIGFPE: [libjvm.so+0x73aa80], sa_mask[0]=11111111011111111101111111111110, sa_flags=SA_RESTART|SA_SIGINFO
SIGPIPE: [libjvm.so+0x73aa80], sa_mask[0]=11111111011111111101111111111110, sa_flags=SA_RESTART|SA_SIGINFO
SIGXFSZ: [libjvm.so+0x73aa80], sa_mask[0]=11111111011111111101111111111110, sa_flags=SA_RESTART|SA_SIGINFO
SIGILL: [libjvm.so+0x73aa80], sa_mask[0]=11111111011111111101111111111110, sa_flags=SA_RESTART|SA_SIGINFO
SIGUSR1: SIG_DFL, sa_mask[0]=00000000000000000000000000000000, sa_flags=none
SIGUSR2: [libjvm.so+0x73a8c0], sa_mask[0]=00100000000000000000000000000000, sa_flags=SA_RESTART|SA_SIGINFO
SIGHUP: [libjvm.so+0x73b050], sa_mask[0]=11111111011111111101111111111110, sa_flags=SA_RESTART|SA_SIGINFO
SIGINT: [libjvm.so+0x73b050], sa_mask[0]=11111111011111111101111111111110, sa_flags=SA_RESTART|SA_SIGINFO
SIGTERM: [libjvm.so+0x73b050], sa_mask[0]=11111111011111111101111111111110, sa_flags=SA_RESTART|SA_SIGINFO
SIGQUIT: [libjvm.so+0x73b050], sa_mask[0]=11111111011111111101111111111110, sa_flags=SA_RESTART|SA_SIGINFO


---------------  S Y S T E M  ---------------

OS:DISTRIB_ID=Ubuntu
DISTRIB_RELEASE=16.04
DISTRIB_CODENAME=xenial
DISTRIB_DESCRIPTION="Ubuntu 16.04.1 LTS"

uname:Linux 4.4.0-64-generic #85-Ubuntu SMP Mon Feb 20 11:49:39 UTC 2017 i686
libc:glibc 2.23 NPTL 2.23 
rlimit: STACK 8192k, CORE 0k, NPROC 47242, NOFILE 65536, AS infinity
load average:0,09 0,09 0,09

/proc/meminfo:
MemTotal:        6082868 kB
MemFree:         1777220 kB
MemAvailable:    2449424 kB
Buffers:          164260 kB
Cached:          1477484 kB
SwapCached:          104 kB
Active:          3064108 kB
Inactive:        1032548 kB
Active(anon):    2435476 kB
Inactive(anon):   561048 kB
Active(file):     628632 kB
Inactive(file):   471500 kB
Unevictable:          56 kB
Mlocked:              56 kB
HighTotal:       5252868 kB
HighFree:        1512592 kB
LowTotal:         830000 kB
LowFree:          264628 kB
SwapTotal:       5859324 kB
SwapFree:        5854944 kB
Dirty:               116 kB
Writeback:           296 kB
AnonPages:       2439856 kB
Mapped:           377028 kB
Shmem:            541156 kB
Slab:             140812 kB
SReclaimable:     112376 kB
SUnreclaim:        28436 kB
KernelStack:        5920 kB
PageTables:        14484 kB
NFS_Unstable:          0 kB
Bounce:              444 kB
WritebackTmp:          0 kB
CommitLimit:     8900756 kB
Committed_AS:    7234620 kB
VmallocTotal:     122880 kB
VmallocUsed:           0 kB
VmallocChunk:          0 kB
AnonHugePages:   1583104 kB
CmaTotal:              0 kB
CmaFree:               0 kB
HugePages_Total:       0
HugePages_Free:        0
HugePages_Rsvd:        0
HugePages_Surp:        0
Hugepagesize:       2048 kB
DirectMap4k:       18424 kB
DirectMap2M:      892928 kB


CPU:total 4 (2 cores per cpu, 2 threads per core) family 6 model 58 stepping 9, cmov, cx8, fxsr, mmx, sse, sse2, sse3, ssse3, sse4.1, sse4.2, popcnt, avx, aes, clmul, erms, ht, tsc, tscinvbit, tscinv

/proc/cpuinfo:
processor	: 0
vendor_id	: GenuineIntel
cpu family	: 6
model		: 58
model name	: Intel(R) Core(TM) i5-3230M CPU @ 2.60GHz
stepping	: 9
microcode	: 0x1c
cpu MHz		: 2766.562
cache size	: 3072 KB
physical id	: 0
siblings	: 4
core id		: 0
cpu cores	: 2
apicid		: 0
initial apicid	: 0
fdiv_bug	: no
f00f_bug	: no
coma_bug	: no
fpu		: yes
fpu_exception	: yes
cpuid level	: 13
wp		: yes
flags		: fpu vme de pse tsc msr pae mce cx8 apic sep mtrr pge mca cmov pat pse36 clflush dts acpi mmx fxsr sse sse2 ss ht tm pbe nx rdtscp lm constant_tsc arch_perfmon pebs bts xtopology nonstop_tsc aperfmperf eagerfpu pni pclmulqdq dtes64 monitor ds_cpl vmx est tm2 ssse3 cx16 xtpr pdcm pcid sse4_1 sse4_2 x2apic popcnt tsc_deadline_timer aes xsave avx f16c rdrand lahf_lm epb tpr_shadow vnmi flexpriority ept vpid fsgsbase smep erms xsaveopt dtherm ida arat pln pts
bugs		:
bogomips	: 5188.00
clflush size	: 64
cache_alignment	: 64
address sizes	: 36 bits physical, 48 bits virtual
power management:

processor	: 1
vendor_id	: GenuineIntel
cpu family	: 6
model		: 58
model name	: Intel(R) Core(TM) i5-3230M CPU @ 2.60GHz
stepping	: 9
microcode	: 0x1c
cpu MHz		: 2799.671
cache size	: 3072 KB
physical id	: 0
siblings	: 4
core id		: 0
cpu cores	: 2
apicid		: 1
initial apicid	: 1
fdiv_bug	: no
f00f_bug	: no
coma_bug	: no
fpu		: yes
fpu_exception	: yes
cpuid level	: 13
wp		: yes
flags		: fpu vme de pse tsc msr pae mce cx8 apic sep mtrr pge mca cmov pat pse36 clflush dts acpi mmx fxsr sse sse2 ss ht tm pbe nx rdtscp lm constant_tsc arch_perfmon pebs bts xtopology nonstop_tsc aperfmperf eagerfpu pni pclmulqdq dtes64 monitor ds_cpl vmx est tm2 ssse3 cx16 xtpr pdcm pcid sse4_1 sse4_2 x2apic popcnt tsc_deadline_timer aes xsave avx f16c rdrand lahf_lm epb tpr_shadow vnmi flexpriority ept vpid fsgsbase smep erms xsaveopt dtherm ida arat pln pts
bugs		:
bogomips	: 5188.00
clflush size	: 64
cache_alignment	: 64
address sizes	: 36 bits physical, 48 bits virtual
power management:

processor	: 2
vendor_id	: GenuineIntel
cpu family	: 6
model		: 58
model name	: Intel(R) Core(TM) i5-3230M CPU @ 2.60GHz
stepping	: 9
microcode	: 0x1c
cpu MHz		: 2766.359
cache size	: 3072 KB
physical id	: 0
siblings	: 4
core id		: 1
cpu cores	: 2
apicid		: 2
initial apicid	: 2
fdiv_bug	: no
f00f_bug	: no
coma_bug	: no
fpu		: yes
fpu_exception	: yes
cpuid level	: 13
wp		: yes
flags		: fpu vme de pse tsc msr pae mce cx8 apic sep mtrr pge mca cmov pat pse36 clflush dts acpi mmx fxsr sse sse2 ss ht tm pbe nx rdtscp lm constant_tsc arch_perfmon pebs bts xtopology nonstop_tsc aperfmperf eagerfpu pni pclmulqdq dtes64 monitor ds_cpl vmx est tm2 ssse3 cx16 xtpr pdcm pcid sse4_1 sse4_2 x2apic popcnt tsc_deadline_timer aes xsave avx f16c rdrand lahf_lm epb tpr_shadow vnmi flexpriority ept vpid fsgsbase smep erms xsaveopt dtherm ida arat pln pts
bugs		:
bogomips	: 5188.00
clflush size	: 64
cache_alignment	: 64
address sizes	: 36 bits physical, 48 bits virtual
power management:

processor	: 3
vendor_id	: GenuineIntel
cpu family	: 6
model		: 58
model name	: Intel(R) Core(TM) i5-3230M CPU @ 2.60GHz
stepping	: 9
microcode	: 0x1c
cpu MHz		: 2819.882
cache size	: 3072 KB
physical id	: 0
siblings	: 4
core id		: 1
cpu cores	: 2
apicid		: 3
initial apicid	: 3
fdiv_bug	: no
f00f_bug	: no
coma_bug	: no
fpu		: yes
fpu_exception	: yes
cpuid level	: 13
wp		: yes
flags		: fpu vme de pse tsc msr pae mce cx8 apic sep mtrr pge mca cmov pat pse36 clflush dts acpi mmx fxsr sse sse2 ss ht tm pbe nx rdtscp lm constant_tsc arch_perfmon pebs bts xtopology nonstop_tsc aperfmperf eagerfpu pni pclmulqdq dtes64 monitor ds_cpl vmx est tm2 ssse3 cx16 xtpr pdcm pcid sse4_1 sse4_2 x2apic popcnt tsc_deadline_timer aes xsave avx f16c rdrand lahf_lm epb tpr_shadow vnmi flexpriority ept vpid fsgsbase smep erms xsaveopt dtherm ida arat pln pts
bugs		:
bogomips	: 5188.00
clflush size	: 64
cache_alignment	: 64
address sizes	: 36 bits physical, 48 bits virtual
power management:



Memory: 4k page, physical 6082868k(1793000k free), swap 5859324k(5854944k free)

vm_info: OpenJDK Server VM (25.121-b13) for linux-x86 JRE (1.8.0_121-8u121-b13-0ubuntu1.16.04.2-b13), built on Jan 23 2017 16:09:29 by "buildd" with gcc 5.4.0 20160609

time: Wed Mar  8 00:34:30 2017
elapsed time: 7624 seconds (0d 2h 7m 4s)

