#
# A fatal error has been detected by the Java Runtime Environment:
#
#  SIGSEGV (0xb) at pc=0xa720ba1d, pid=13125, tid=0x62af3b40
#
# JRE version: OpenJDK Runtime Environment (8.0_121-b13) (build 1.8.0_121-8u121-b13-0ubuntu1.16.04.2-b13)
# Java VM: OpenJDK Server VM (25.121-b13 mixed mode linux-x86 )
# Problematic frame:
# v  ~BufferBlob::jni_fast_GetLongField
#
# Failed to write core dump. Core dumps have been disabled. To enable core dumping, try "ulimit -c unlimited" before starting Java again
#
# If you would like to submit a bug report, please visit:
#   http://bugreport.java.com/bugreport/crash.jsp
# The crash happened outside the Java Virtual Machine in native code.
# See problematic frame for where to report the bug.
#

---------------  T H R E A D  ---------------

Current thread (0x62ff4400):  JavaThread "AWT-XAWT" daemon [_thread_in_native, id=13146, stack(0x62aa3000,0x62af4000)]

siginfo: si_signo: 11 (SIGSEGV), si_code: 1 (SEGV_MAPERR), si_addr: 0x00000000

Registers:
EAX=0x00000000, EBX=0x63057000, ECX=0x00000026, EDX=0x00000000
ESP=0x62af2d98, EBP=0x62af2de8, ESI=0x00000042, EDI=0x62ff452c
EIP=0xa720ba1d, EFLAGS=0x00010246, CR2=0x00000000

Top of Stack: (sp=0x62af2d98)
0x62af2d98:   635fffa0 630376e9 62ff452c 00000000
0x62af2da8:   00000042 92823728 63059580 00000000
0x62af2db8:   62ff452c a2f26700 9275cd88 62af2e24
0x62af2dc8:   62af2de8 a2f26700 b709e0c0 00010002
0x62af2dd8:   630376bd 62e45000 635fffa0 00000000
0x62af2de8:   61448108 62d5b1eb 61448108 00000000
0x62af2df8:   00000000 a755486c 66c00000 927f0db0
0x62af2e08:   62d5b189 62e45000 00400003 080ae270 

Instructions: (pc=0xa720ba1d)
0xa720b9fd:   00 00 00 56 8b 0d 8c be 0b b7 f6 c1 01 0f 85 30
0xa720ba0d:   00 00 00 8b c1 83 e0 01 8b 54 04 0c 8b 74 24 10
0xa720ba1d:   8b 12 c1 ee 02 8b 04 32 8b 54 32 04 be 8c be 0b
0xa720ba2d:   b7 33 f2 33 f0 33 f2 33 f0 3b 0e 0f 85 02 00 00 

Register to memory mapping:

EAX=0x00000000 is an unknown value
EBX=0x63057000: <offset 0x52000> in /usr/lib/jvm/java-8-openjdk-i386/jre/lib/i386/libawt_xawt.so at 0x63005000
ECX=0x00000026 is an unknown value
EDX=0x00000000 is an unknown value
ESP=0x62af2d98 is pointing into the stack for thread: 0x62ff4400
EBP=0x62af2de8 is pointing into the stack for thread: 0x62ff4400
ESI=0x00000042 is an unknown value
EDI=0x62ff452c is an unknown value


Stack: [0x62aa3000,0x62af4000],  sp=0x62af2d98,  free space=319k
Native frames: (J=compiled Java code, j=interpreted, Vv=VM code, C=native code)
v  ~BufferBlob::jni_fast_GetLongField
C  [libX11.so.6+0x5e1eb]  _XimServerDestroy+0x6b

Java frames: (J=compiled Java code, j=interpreted, Vv=VM code)
J 1301  sun.awt.X11.XlibWrapper.XFilterEvent(JJ)Z (0 bytes) @ 0xa751c136 [0xa751c0e0+0x56]
j  sun.awt.X11.XToolkit.run(Z)V+300
j  sun.awt.X11.XToolkit.run()V+5
j  java.lang.Thread.run()V+11
v  ~StubRoutines::call_stub

---------------  P R O C E S S  ---------------

Java Threads: ( => current thread )
  0x66600800 JavaThread "XToolkt-Shutdown-Thread" [_thread_blocked, id=17497, stack(0x6200a000,0x6205b000)]
  0x63604c00 JavaThread "SIGTERM handler" daemon [_thread_blocked, id=17492, stack(0x624ee000,0x6253f000)]
  0x63604000 JavaThread "SIGHUP handler" daemon [_thread_blocked, id=17479, stack(0x621af000,0x62200000)]
  0xb6207800 JavaThread "DestroyJavaVM" [_thread_blocked, id=13131, stack(0xb6349000,0xb639a000)]
  0x080b0400 JavaThread "AWT-EventQueue-0" [_thread_blocked, id=13148, stack(0x611af000,0x61200000)]
  0x6281bc00 JavaThread "AWT-Shutdown" [_thread_blocked, id=13147, stack(0x62952000,0x629a3000)]
=>0x62ff4400 JavaThread "AWT-XAWT" daemon [_thread_in_native, id=13146, stack(0x62aa3000,0x62af4000)]
  0x62fdc800 JavaThread "Java2D Disposer" daemon [_thread_blocked, id=13145, stack(0x62b06000,0x62b57000)]
  0x637aa000 JavaThread "Service Thread" daemon [_thread_blocked, id=13143, stack(0x630db000,0x6312c000)]
  0x637a7000 JavaThread "C1 CompilerThread2" daemon [_thread_blocked, id=13142, stack(0x6312c000,0x631ad000)]
  0x637a5800 JavaThread "C2 CompilerThread1" daemon [_thread_blocked, id=13141, stack(0x631ad000,0x6322e000)]
  0x637a3c00 JavaThread "C2 CompilerThread0" daemon [_thread_blocked, id=13140, stack(0x6322e000,0x632af000)]
  0x637a2400 JavaThread "Signal Dispatcher" daemon [_thread_blocked, id=13139, stack(0x632af000,0x63300000)]
  0x63788400 JavaThread "Finalizer" daemon [_thread_blocked, id=13138, stack(0x63814000,0x63865000)]
  0x63785800 JavaThread "Reference Handler" daemon [_thread_blocked, id=13137, stack(0x6642e000,0x6647f000)]

Other Threads:
  0x63780c00 VMThread [stack: 0x63865000,0x638e6000] [id=13136]
  0x637ab800 WatcherThread [stack: 0x6305a000,0x630db000] [id=13144]

VM state:not at safepoint (normal execution)

VM Mutex/Monitor currently owned by a thread: None

Heap:
 PSYoungGen      total 19200K, used 10687K [0x916c0000, 0x93c40000, 0xa6c00000)
  eden space 16640K, 50% used [0x916c0000,0x91ef1fa8,0x92700000)
  from space 2560K, 89% used [0x92700000,0x9293dd08,0x92980000)
  to   space 2560K, 0% used [0x939c0000,0x939c0000,0x93c40000)
 ParOldGen       total 43776K, used 4K [0x66c00000, 0x696c0000, 0x916c0000)
  object space 43776K, 0% used [0x66c00000,0x66c01000,0x696c0000)
 Metaspace       used 8858K, capacity 9043K, committed 9112K, reserved 9520K

Card table byte_map: [0x669ff000,0x66c00000] byte_map_base: 0x666c9000

Marking Bits: (ParMarkBitMap*) 0xb70bb7e0
 Begin Bits: [0x64300000, 0x65300000)
 End Bits:   [0x65300000, 0x66300000)

Polling page: 0xb76cc000

CodeCache: size=245760Kb used=3723Kb max_used=3725Kb free=242036Kb
 bounds [0xa71b6000, 0xa755e000, 0xb61b6000]
 total_blobs=1678 nmethods=1395 adapters=197
 compilation: enabled

Compilation events (10 events):
Event: 3823,945 Thread 0x637a7000 1392       3       java.awt.Component::updateGraphicsData (38 bytes)
Event: 3823,946 Thread 0x637a7000 nmethod 1392 0xa75595c8 code [0xa7559720, 0xa7559c04]
Event: 3824,467 Thread 0x637a7000 1393       1       sun.awt.X11.Native::getByte (8 bytes)
Event: 3824,467 Thread 0x637a7000 nmethod 1393 0xa75593c8 code [0xa75594c0, 0xa7559560]
Event: 3824,467 Thread 0x637a7000 1394       3       sun.awt.XSettings$Update::needBytes (65 bytes)
Event: 3824,468 Thread 0x637a7000 nmethod 1394 0xa7558288 code [0xa75584a0, 0xa7558ea0]
Event: 3824,694 Thread 0x637a7000 1395       1       sun.awt.X11.XEvent::getPData (5 bytes)
Event: 3824,694 Thread 0x637a7000 nmethod 1395 0xa7558088 code [0xa7558180, 0xa7558220]
Event: 3824,728 Thread 0x637a7000 1396       3       sun.awt.XSettings$Update::getINT32 (175 bytes)
Event: 3824,728 Thread 0x637a7000 nmethod 1396 0xa7557ac8 code [0xa7557c00, 0xa7557e8c]

GC Heap History (2 events):
Event: 0,765 GC heap before
{Heap before GC invocations=1 (full 0):
 PSYoungGen      total 19200K, used 16640K [0x916c0000, 0x92c00000, 0xa6c00000)
  eden space 16640K, 100% used [0x916c0000,0x92700000,0x92700000)
  from space 2560K, 0% used [0x92980000,0x92980000,0x92c00000)
  to   space 2560K, 0% used [0x92700000,0x92700000,0x92980000)
 ParOldGen       total 43776K, used 0K [0x66c00000, 0x696c0000, 0x916c0000)
  object space 43776K, 0% used [0x66c00000,0x66c00000,0x696c0000)
 Metaspace       used 6300K, capacity 6498K, committed 6552K, reserved 7472K
Event: 0,796 GC heap after
Heap after GC invocations=1 (full 0):
 PSYoungGen      total 19200K, used 2295K [0x916c0000, 0x93c40000, 0xa6c00000)
  eden space 16640K, 0% used [0x916c0000,0x916c0000,0x92700000)
  from space 2560K, 89% used [0x92700000,0x9293dd08,0x92980000)
  to   space 2560K, 0% used [0x939c0000,0x939c0000,0x93c40000)
 ParOldGen       total 43776K, used 4K [0x66c00000, 0x696c0000, 0x916c0000)
  object space 43776K, 0% used [0x66c00000,0x66c01000,0x696c0000)
 Metaspace       used 6300K, capacity 6498K, committed 6552K, reserved 7472K
}

Deoptimization events (9 events):
Event: 0,518 Thread 0xb6207800 Uncommon trap: reason=unstable_if action=reinterpret pc=0xa732c214 method=java.nio.Buffer.nextGetIndex()I @ 8
Event: 0,667 Thread 0xb6207800 Uncommon trap: reason=unstable_if action=reinterpret pc=0xa736f6cc method=java.lang.CharacterData.of(I)Ljava/lang/CharacterData; @ 4
Event: 0,741 Thread 0x62ff4400 Uncommon trap: reason=unstable_if action=reinterpret pc=0xa733a8d4 method=java.lang.ThreadLocal.get()Ljava/lang/Object; @ 11
Event: 1,520 Thread 0x080b0400 Uncommon trap: reason=bimorphic action=maybe_recompile pc=0xa737840c method=java.util.HashMap.getNode(ILjava/lang/Object;)Ljava/util/HashMap$Node; @ 126
Event: 1,520 Thread 0x080b0400 Uncommon trap: reason=bimorphic action=maybe_recompile pc=0xa737840c method=java.util.HashMap.getNode(ILjava/lang/Object;)Ljava/util/HashMap$Node; @ 126
Event: 1,520 Thread 0x080b0400 Uncommon trap: reason=bimorphic action=maybe_recompile pc=0xa737840c method=java.util.HashMap.getNode(ILjava/lang/Object;)Ljava/util/HashMap$Node; @ 126
Event: 1,521 Thread 0x080b0400 Uncommon trap: reason=bimorphic action=maybe_recompile pc=0xa737840c method=java.util.HashMap.getNode(ILjava/lang/Object;)Ljava/util/HashMap$Node; @ 126
Event: 2,714 Thread 0x6142e000 Uncommon trap: reason=null_check action=make_not_entrant pc=0xa739cebc method=java.lang.StringCoding.deref(Ljava/lang/ThreadLocal;)Ljava/lang/Object; @ 4
Event: 2,818 Thread 0x6142e000 Uncommon trap: reason=unstable_if action=reinterpret pc=0xa74542b0 method=java.lang.Math.round(F)I @ 23

Internal exceptions (10 events):
Event: 0,118 Thread 0xb6207800 Exception <a 'java/lang/NoSuchFieldError': method resolution failed> (0x9185f208) thrown at [/build/openjdk-8-JgCXLD/openjdk-8-8u121-b13/src/hotspot/src/share/vm/prims/methodHandles.cpp, line 1146]
Event: 0,143 Thread 0xb6207800 Exception <a 'java/io/FileNotFoundException'> (0x918d2d38) thrown at [/build/openjdk-8-JgCXLD/openjdk-8-8u121-b13/src/hotspot/src/share/vm/prims/jni.cpp, line 709]
Event: 0,143 Thread 0xb6207800 Exception <a 'java/io/FileNotFoundException'> (0x918d3778) thrown at [/build/openjdk-8-JgCXLD/openjdk-8-8u121-b13/src/hotspot/src/share/vm/prims/jni.cpp, line 709]
Event: 0,158 Thread 0xb6207800 Exception <a 'java/lang/ClassNotFoundException': sun/dc/DuctusRenderingEngine> (0x918ed6a0) thrown at [/build/openjdk-8-JgCXLD/openjdk-8-8u121-b13/src/hotspot/src/share/vm/classfile/systemDictionary.cpp, line 210]
Event: 0,741 Thread 0x62ff4400 Implicit null exception at 0xa733a810 to 0xa733a8c1
Event: 0,939 Thread 0x080b0400 Exception <a 'java/lang/UnsupportedOperationException': > (0x916de988) thrown at [/build/openjdk-8-JgCXLD/openjdk-8-8u121-b13/src/hotspot/src/share/vm/prims/jni.cpp, line 735]
Event: 2,714 Thread 0x6142e000 Implicit null exception at 0xa739bd84 to 0xa739cea1
Event: 2,874 Thread 0x6142e000 Exception <a 'java/io/FileNotFoundException'> (0x91bd0d50) thrown at [/build/openjdk-8-JgCXLD/openjdk-8-8u121-b13/src/hotspot/src/share/vm/prims/jni.cpp, line 709]
Event: 3,030 Thread 0x080b0400 Exception <a 'java/lang/UnsupportedOperationException': > (0x91be94e0) thrown at [/build/openjdk-8-JgCXLD/openjdk-8-8u121-b13/src/hotspot/src/share/vm/prims/jni.cpp, line 735]
Event: 3,284 Thread 0x61428000 Exception <a 'java/lang/ArrayIndexOutOfBoundsException': 2> (0x91971f18) thrown at [/build/openjdk-8-JgCXLD/openjdk-8-8u121-b13/src/hotspot/src/share/vm/interpreter/interpreterRuntime.cpp, line 366]

Events (10 events):
Event: 3823,923 loading class sun/awt/X11/XWindowPeer$1
Event: 3823,924 loading class sun/awt/X11/XWindowPeer$1 done
Event: 3823,924 loading class javax/swing/RepaintManager$DisplayChangedRunnable
Event: 3823,943 loading class javax/swing/RepaintManager$DisplayChangedRunnable done
Event: 3824,465 loading class sun/awt/X11/XAWTXSettings$1
Event: 3824,480 loading class sun/awt/X11/XAWTXSettings$1 done
Event: 10844,486 loading class sun/misc/Signal$1
Event: 10844,491 loading class sun/misc/Signal$1 done
Event: 10844,511 Thread 0x63604000 Thread added: 0x63604000
Event: 10844,514 Thread 0x63604c00 Thread added: 0x63604c00


Dynamic libraries:
08048000-08049000 r-xp 00000000 08:06 797792     /usr/lib/jvm/java-8-openjdk-i386/jre/bin/java
08049000-0804a000 r--p 00000000 08:06 797792     /usr/lib/jvm/java-8-openjdk-i386/jre/bin/java
0804a000-0804b000 rw-p 00001000 08:06 797792     /usr/lib/jvm/java-8-openjdk-i386/jre/bin/java
080a7000-080d4000 rw-p 00000000 00:00 0          [heap]
611af000-611b2000 ---p 00000000 00:00 0 
611b2000-61200000 rw-p 00000000 00:00 0 
61200000-612e3000 rw-p 00000000 00:00 0 
612e3000-61300000 ---p 00000000 00:00 0 
61300000-61400000 rw-p 00000000 00:00 0 
61400000-614f7000 rw-p 00000000 00:00 0 
614f7000-61500000 ---p 00000000 00:00 0 
61800000-618fd000 rw-p 00000000 00:00 0 
618fd000-61900000 ---p 00000000 00:00 0 
61b00000-61bfc000 rw-p 00000000 00:00 0 
61bfc000-61c00000 ---p 00000000 00:00 0 
61d00000-61e00000 rw-p 00000000 00:00 0 
6200a000-6200d000 ---p 00000000 00:00 0 
6200d000-6205b000 rw-p 00000000 00:00 0 
6205b000-620af000 rw-s 00000000 00:05 11894796   /SYSV00000000 (deleted)
620af000-6214f000 rw-p 00000000 00:00 0 
6214f000-621af000 ---p 00000000 00:00 0 
621af000-621b2000 ---p 00000000 00:00 0 
621b2000-62200000 rw-p 00000000 00:00 0 
62200000-6225a000 rw-p 00000000 00:00 0 
6225a000-62300000 ---p 00000000 00:00 0 
62316000-62416000 rw-p 00000000 00:00 0 
62416000-6241b000 r--s 00000000 08:06 4599276    /var/cache/fontconfig/4be9850f182b35c1350b6bbf2e42601c-le32d4.cache-6
6241b000-6241c000 r--s 00000000 08:06 4599448    /var/cache/fontconfig/30a99c4256905863f7aa12b5e873c27c-le32d4.cache-6
6241c000-6241d000 r--s 00000000 08:06 4599242    /var/cache/fontconfig/087e1975ba9a574b140bb1df193bf770-le32d4.cache-6
6241d000-62420000 r--s 00000000 08:06 4599444    /var/cache/fontconfig/6aa41aa22e18b8fa06a12da28ea9c28b-le32d4.cache-6
62420000-62428000 r--s 00000000 08:06 4599303    /var/cache/fontconfig/945677eb7aeaf62f1d50efc3fb3ec7d8-le32d4.cache-6
62428000-6242c000 r--s 00000000 08:06 4599442    /var/cache/fontconfig/2cd17615ca594fa2959ae173292e504c-le32d4.cache-6
6242c000-6242d000 r--s 00000000 08:06 4599439    /var/cache/fontconfig/0d8c3b2ac0904cb8a57a757ad11a4a08-le32d4.cache-6
6242d000-6243c000 r--s 00000000 08:06 4599438    /var/cache/fontconfig/04aabc0a78ac019cf9454389977116d2-le32d4.cache-6
6243c000-6243d000 r--s 00000000 08:06 4599437    /var/cache/fontconfig/1ac9eb803944fde146138c791f5cc56a-le32d4.cache-6
6243d000-62440000 r--s 00000000 08:06 4599433    /var/cache/fontconfig/385c0604a188198f04d133e54aba7fe7-le32d4.cache-6
62440000-62441000 r--s 00000000 08:06 4599432    /var/cache/fontconfig/9c956a7723ca69a44b382d9179c9802f-le32d4.cache-6
62441000-62442000 r--s 00000000 08:06 4599431    /var/cache/fontconfig/dc05db6664285cc2f12bf69c139ae4c3-le32d4.cache-6
62442000-62444000 r--s 00000000 08:06 4599422    /var/cache/fontconfig/767a8244fc0220cfb567a839d0392e0b-le32d4.cache-6
62444000-62445000 r--s 00000000 08:06 4608292    /var/cache/fontconfig/4794a0821666d79190d59a36cb4f44b5-le32d4.cache-6
62445000-62446000 r--s 00000000 08:06 4599419    /var/cache/fontconfig/9eae20f1ff8cc0a7d125749e875856bd-le32d4.cache-6
62446000-62448000 r--s 00000000 08:06 4599418    /var/cache/fontconfig/bf2c1853a9e9b00bb02fe2e9bcf1e201-le32d4.cache-6
62448000-6244c000 r--s 00000000 08:06 4599416    /var/cache/fontconfig/8801497958630a81b71ace7c5f9b32a8-le32d4.cache-6
6244c000-6244d000 r--s 00000000 08:06 4599414    /var/cache/fontconfig/bab58bb527bb656aaa9f116d68a48d89-le32d4.cache-6
6244d000-62452000 r--s 00000000 08:06 4599412    /var/cache/fontconfig/3047814df9a2f067bd2d96a2b9c36e5a-le32d4.cache-6
62452000-62458000 r--s 00000000 08:06 4599411    /var/cache/fontconfig/bf3b770c553c462765856025a94f1ce6-le32d4.cache-6
62458000-62459000 r--s 00000000 08:06 4599400    /var/cache/fontconfig/56cf4f4769d0f4abc89a4895d7bd3ae1-le32d4.cache-6
62459000-6245a000 r--s 00000000 08:06 4599399    /var/cache/fontconfig/b9d506c9ac06c20b433354fa67a72993-le32d4.cache-6
6245a000-6245e000 r--s 00000000 08:06 4599398    /var/cache/fontconfig/b47c4e1ecd0709278f4910c18777a504-le32d4.cache-6
6245e000-62460000 r--s 00000000 08:06 4599397    /var/cache/fontconfig/14d493b97896515cad3840ba4896e372-le32d4.cache-6
62460000-62463000 r--s 00000000 08:06 4599385    /var/cache/fontconfig/e49e89034d371f0f9de17aab02136486-le32d4.cache-6
62463000-62465000 r--s 00000000 08:06 4599384    /var/cache/fontconfig/4b14b093aebc79c320de5e86ae1d3314-le32d4.cache-6
62465000-62475000 r--s 00000000 08:06 4599380    /var/cache/fontconfig/d52a8644073d54c13679302ca1180695-le32d4.cache-6
62475000-62476000 r--s 00000000 08:06 4599379    /var/cache/fontconfig/551ecf3b0e8b0bca0f25c0944f561853-le32d4.cache-6
62476000-62477000 r--s 00000000 08:06 4599373    /var/cache/fontconfig/8a687c406b77f27d99abfeeba937fcce-le32d4.cache-6
62477000-6247b000 r--s 00000000 08:06 4599372    /var/cache/fontconfig/75ad6aa2358a85f0de2c8ee4837e8227-le32d4.cache-6
6247b000-62484000 r--s 00000000 08:06 4599357    /var/cache/fontconfig/d589a48862398ed80a3d6066f4f56f4c-le32d4.cache-6
62484000-62487000 r--s 00000000 08:06 4599354    /var/cache/fontconfig/246184dc75a16901ca37d96895904249-le32d4.cache-6
62487000-62491000 r--s 00000000 08:06 4599317    /var/cache/fontconfig/198d8fcf01c96d0cf813f74fd759bdb7-le32d4.cache-6
62491000-62499000 r--s 00000000 08:06 4599277    /var/cache/fontconfig/83bf95040141907cd45bb53cf7c1c148-le32d4.cache-6
62499000-624a7000 r--s 00000000 08:06 4599274    /var/cache/fontconfig/9b89f8e3dae116d678bbf48e5f21f69b-le32d4.cache-6
624a7000-624ac000 r--s 00000000 08:06 4599260    /var/cache/fontconfig/53d14c92082a93e67d5078324eb314ca-le32d4.cache-6
624ac000-624bc000 r--s 00000000 08:06 4599219    /var/cache/fontconfig/4ac51e5cfbc76fc3f983e470323a16d3-le32d4.cache-6
624bc000-624cc000 r--s 00000000 08:06 4595722    /var/cache/fontconfig/e13b20fdb08344e0e664864cc2ede53d-le32d4.cache-6
624ee000-624f1000 ---p 00000000 00:00 0 
624f1000-62800000 rw-p 00000000 00:00 0 
62800000-62877000 rw-p 00000000 00:00 0 
62877000-62900000 ---p 00000000 00:00 0 
62900000-62902000 r--s 00000000 08:06 4599370    /var/cache/fontconfig/65f976e5259cbe6dc7697b8648396239-le32d4.cache-6
62902000-62904000 r--s 00000000 08:06 4599329    /var/cache/fontconfig/67709b7835c0f764c1135060c9575660-le32d4.cache-6
62904000-6290e000 r--s 00000000 08:06 4599451    /var/cache/fontconfig/8f02d4cb045bd6ce15663e43f347c9f8-le32d4.cache-6
6290e000-62927000 r--s 00000000 08:06 4587944    /var/cache/fontconfig/467c019e582ee353435ea5c21d137ef6-le32d4.cache-6
6293f000-62950000 r-xp 00000000 08:06 797756     /usr/lib/jvm/java-8-openjdk-i386/jre/lib/i386/libnio.so
62950000-62951000 r--p 00010000 08:06 797756     /usr/lib/jvm/java-8-openjdk-i386/jre/lib/i386/libnio.so
62951000-62952000 rw-p 00011000 08:06 797756     /usr/lib/jvm/java-8-openjdk-i386/jre/lib/i386/libnio.so
62952000-62955000 ---p 00000000 00:00 0 
62955000-62aa3000 rw-p 00000000 00:00 0 
62aa3000-62aa6000 ---p 00000000 00:00 0 
62aa6000-62af4000 rw-p 00000000 00:00 0 
62af4000-62af9000 r-xp 00000000 08:06 792182     /usr/lib/i386-linux-gnu/libXfixes.so.3.1.0
62af9000-62afa000 r--p 00004000 08:06 792182     /usr/lib/i386-linux-gnu/libXfixes.so.3.1.0
62afa000-62afb000 rw-p 00005000 08:06 792182     /usr/lib/i386-linux-gnu/libXfixes.so.3.1.0
62afb000-62b04000 r-xp 00000000 08:06 792174     /usr/lib/i386-linux-gnu/libXcursor.so.1.0.2
62b04000-62b05000 r--p 00008000 08:06 792174     /usr/lib/i386-linux-gnu/libXcursor.so.1.0.2
62b05000-62b06000 rw-p 00009000 08:06 792174     /usr/lib/i386-linux-gnu/libXcursor.so.1.0.2
62b06000-62b09000 ---p 00000000 00:00 0 
62b09000-62b57000 rw-p 00000000 00:00 0 
62b57000-62b80000 r-xp 00000000 08:06 263619     /lib/i386-linux-gnu/libpng12.so.0.54.0
62b80000-62b81000 r--p 00028000 08:06 263619     /lib/i386-linux-gnu/libpng12.so.0.54.0
62b81000-62b82000 rw-p 00029000 08:06 263619     /lib/i386-linux-gnu/libpng12.so.0.54.0
62b82000-62c2d000 r-xp 00000000 08:06 792598     /usr/lib/i386-linux-gnu/libfreetype.so.6.12.1
62c2d000-62c31000 r--p 000aa000 08:06 792598     /usr/lib/i386-linux-gnu/libfreetype.so.6.12.1
62c31000-62c32000 rw-p 000ae000 08:06 792598     /usr/lib/i386-linux-gnu/libfreetype.so.6.12.1
62c32000-62c33000 r--s 00000000 08:06 4599347    /var/cache/fontconfig/94f7fe9bd33aadfac165873bd010d595-le32d4.cache-6
62c33000-62c36000 r--s 00000000 08:06 4599287    /var/cache/fontconfig/75114ca45c98e8a441da0ff356701271-le32d4.cache-6
62c36000-62c4c000 r-xp 00000000 08:06 797746     /usr/lib/jvm/java-8-openjdk-i386/jre/lib/i386/libnet.so
62c4c000-62c4d000 r--p 00015000 08:06 797746     /usr/lib/jvm/java-8-openjdk-i386/jre/lib/i386/libnet.so
62c4d000-62c4e000 rw-p 00016000 08:06 797746     /usr/lib/jvm/java-8-openjdk-i386/jre/lib/i386/libnet.so
62c4e000-62c9b000 r-xp 00000000 08:06 797752     /usr/lib/jvm/java-8-openjdk-i386/jre/lib/i386/libfontmanager.so
62c9b000-62c9c000 ---p 0004d000 08:06 797752     /usr/lib/jvm/java-8-openjdk-i386/jre/lib/i386/libfontmanager.so
62c9c000-62c9d000 r--p 0004d000 08:06 797752     /usr/lib/jvm/java-8-openjdk-i386/jre/lib/i386/libfontmanager.so
62c9d000-62c9e000 rw-p 0004e000 08:06 797752     /usr/lib/jvm/java-8-openjdk-i386/jre/lib/i386/libfontmanager.so
62c9e000-62cc4000 r--p 00000000 08:06 1576196    /usr/share/locale-langpack/fr/LC_MESSAGES/libc.mo
62cc4000-62ce8000 r-xp 00000000 08:06 793538     /usr/lib/i386-linux-gnu/libxcb.so.1.1.0
62ce8000-62ce9000 r--p 00023000 08:06 793538     /usr/lib/i386-linux-gnu/libxcb.so.1.1.0
62ce9000-62cea000 rw-p 00024000 08:06 793538     /usr/lib/i386-linux-gnu/libxcb.so.1.1.0
62cea000-62cfb000 r-xp 00000000 08:06 792188     /usr/lib/i386-linux-gnu/libXi.so.6.1.0
62cfb000-62cfc000 r--p 00010000 08:06 792188     /usr/lib/i386-linux-gnu/libXi.so.6.1.0
62cfc000-62cfd000 rw-p 00011000 08:06 792188     /usr/lib/i386-linux-gnu/libXi.so.6.1.0
62cfd000-62e43000 r-xp 00000000 08:06 792163     /usr/lib/i386-linux-gnu/libX11.so.6.3.0
62e43000-62e44000 ---p 00146000 08:06 792163     /usr/lib/i386-linux-gnu/libX11.so.6.3.0
62e44000-62e45000 r--p 00146000 08:06 792163     /usr/lib/i386-linux-gnu/libX11.so.6.3.0
62e45000-62e47000 rw-p 00147000 08:06 792163     /usr/lib/i386-linux-gnu/libX11.so.6.3.0
62e47000-62e48000 rw-p 00000000 00:00 0 
62e48000-62ed4000 r-xp 00000000 08:06 797769     /usr/lib/jvm/java-8-openjdk-i386/jre/lib/i386/libawt.so
62ed4000-62ed5000 r--p 0008b000 08:06 797769     /usr/lib/jvm/java-8-openjdk-i386/jre/lib/i386/libawt.so
62ed5000-62edc000 rw-p 0008c000 08:06 797769     /usr/lib/jvm/java-8-openjdk-i386/jre/lib/i386/libawt.so
62edc000-62f00000 rw-p 00000000 00:00 0 
62f00000-62fff000 rw-p 00000000 00:00 0 
62fff000-63000000 ---p 00000000 00:00 0 
63000000-63001000 r--s 00000000 08:06 4599333    /var/cache/fontconfig/423767150eb258c59035de29db6fca84-le32d4.cache-6
63001000-63005000 r--s 00000000 08:06 4598988    /var/cache/fontconfig/3629f2adf904f9a612908891fae71ceb-le32d4.cache-6
63005000-63056000 r-xp 00000000 08:06 797764     /usr/lib/jvm/java-8-openjdk-i386/jre/lib/i386/libawt_xawt.so
63056000-63057000 r--p 00050000 08:06 797764     /usr/lib/jvm/java-8-openjdk-i386/jre/lib/i386/libawt_xawt.so
63057000-63059000 rw-p 00051000 08:06 797764     /usr/lib/jvm/java-8-openjdk-i386/jre/lib/i386/libawt_xawt.so
63059000-6305a000 rw-p 00000000 00:00 0 
6305a000-6305b000 ---p 00000000 00:00 0 
6305b000-630db000 rw-p 00000000 00:00 0 
630db000-630de000 ---p 00000000 00:00 0 
630de000-6312c000 rw-p 00000000 00:00 0 
6312c000-6312f000 ---p 00000000 00:00 0 
6312f000-631ad000 rw-p 00000000 00:00 0 
631ad000-631b0000 ---p 00000000 00:00 0 
631b0000-6322e000 rw-p 00000000 00:00 0 
6322e000-63231000 ---p 00000000 00:00 0 
63231000-632af000 rw-p 00000000 00:00 0 
632af000-632b2000 ---p 00000000 00:00 0 
632b2000-63300000 rw-p 00000000 00:00 0 
63300000-63500000 r--p 00000000 08:06 796004     /usr/lib/locale/locale-archive
63500000-63600000 rw-p 00000000 00:00 0 
63600000-63621000 rw-p 00000000 00:00 0 
63621000-63700000 ---p 00000000 00:00 0 
63700000-637f9000 rw-p 00000000 00:00 0 
637f9000-63800000 ---p 00000000 00:00 0 
63800000-63801000 r--s 00000000 08:06 4599330    /var/cache/fontconfig/406a1d2d2bf3ed7664fbadefac0b2f66-le32d4.cache-6
63801000-63802000 r--s 00000000 08:06 4599328    /var/cache/fontconfig/30829fa25452a46451e813d634d7f916-le32d4.cache-6
63802000-63806000 r--s 00000000 08:06 4596540    /var/cache/fontconfig/7ef2298fde41cc6eeb7af42e48b7d293-le32d4.cache-6
63806000-6380b000 r-xp 00000000 08:06 792178     /usr/lib/i386-linux-gnu/libXdmcp.so.6.0.0
6380b000-6380c000 r--p 00004000 08:06 792178     /usr/lib/i386-linux-gnu/libXdmcp.so.6.0.0
6380c000-6380d000 rw-p 00005000 08:06 792178     /usr/lib/i386-linux-gnu/libXdmcp.so.6.0.0
6380d000-63812000 r-xp 00000000 08:06 792206     /usr/lib/i386-linux-gnu/libXtst.so.6.1.0
63812000-63813000 r--p 00004000 08:06 792206     /usr/lib/i386-linux-gnu/libXtst.so.6.1.0
63813000-63814000 rw-p 00005000 08:06 792206     /usr/lib/i386-linux-gnu/libXtst.so.6.1.0
63814000-63817000 ---p 00000000 00:00 0 
63817000-63865000 rw-p 00000000 00:00 0 
63865000-63866000 ---p 00000000 00:00 0 
63866000-638e6000 rw-p 00000000 00:00 0 
638e6000-63ab4000 r--s 03c06000 08:06 797787     /usr/lib/jvm/java-8-openjdk-i386/jre/lib/rt.jar
63ab4000-63efa000 rw-p 00000000 00:00 0 
63efa000-63f00000 ---p 00000000 00:00 0 
63f00000-66300000 rw-p 00000000 00:00 0 
66300000-663fa000 rw-p 00000000 00:00 0 
663fa000-66400000 ---p 00000000 00:00 0 
66400000-66402000 r--s 00000000 08:06 4599273    /var/cache/fontconfig/6e6b34ae150a7ad95e82fb4a522f0bda-le32d4.cache-6
66402000-66404000 r-xp 00000000 08:06 792167     /usr/lib/i386-linux-gnu/libXau.so.6.0.0
66404000-66405000 r--p 00001000 08:06 792167     /usr/lib/i386-linux-gnu/libXau.so.6.0.0
66405000-66406000 rw-p 00002000 08:06 792167     /usr/lib/i386-linux-gnu/libXau.so.6.0.0
66406000-66410000 r-xp 00000000 08:06 792200     /usr/lib/i386-linux-gnu/libXrender.so.1.3.0
66410000-66411000 r--p 00009000 08:06 792200     /usr/lib/i386-linux-gnu/libXrender.so.1.3.0
66411000-66412000 rw-p 0000a000 08:06 792200     /usr/lib/i386-linux-gnu/libXrender.so.1.3.0
66412000-66413000 r--s 00000000 08:06 4599314    /var/cache/fontconfig/0c9eb80ebd1c36541ebe2852d3bb0c49-le32d4.cache-6
66413000-66414000 r--s 00000000 08:06 4599265    /var/cache/fontconfig/3334a778d104e76d188e9df399bc24d2-le32d4.cache-6
66414000-66427000 r--s 00346000 08:06 793697     /usr/lib/jvm/java-8-openjdk-i386/jre/lib/resources.jar
66427000-6642e000 r--s 00000000 08:06 794666     /usr/lib/i386-linux-gnu/gconv/gconv-modules.cache
6642e000-66431000 ---p 00000000 00:00 0 
66431000-6647f000 rw-p 00000000 00:00 0 
6647f000-66480000 ---p 00000000 00:00 0 
66480000-66500000 rw-p 00000000 00:00 0 
66500000-665fe000 rw-p 00000000 00:00 0 
665fe000-66600000 ---p 00000000 00:00 0 
66600000-66621000 rw-p 00000000 00:00 0 
66621000-66700000 ---p 00000000 00:00 0 
66700000-66701000 r--s 00000000 08:06 4599247    /var/cache/fontconfig/43bfe21a9e1edebcf703d79ee2950b06-le32d4.cache-6
66701000-66702000 r--s 00000000 08:06 4599205    /var/cache/fontconfig/c277e94e32b20404286a1ddafa5a80f0-le32d4.cache-6
66702000-66715000 r-xp 00000000 08:06 792180     /usr/lib/i386-linux-gnu/libXext.so.6.4.0
66715000-66716000 r--p 00012000 08:06 792180     /usr/lib/i386-linux-gnu/libXext.so.6.4.0
66716000-66717000 rw-p 00013000 08:06 792180     /usr/lib/i386-linux-gnu/libXext.so.6.4.0
66717000-66732000 r--s 001d6000 08:06 797773     /usr/lib/jvm/java-8-openjdk-i386/jre/lib/ext/nashorn.jar
66732000-6677f000 rw-p 00000000 00:00 0 
6677f000-66780000 ---p 00000000 00:00 0 
66780000-66800000 rw-p 00000000 00:00 0 
66800000-66821000 rw-p 00000000 00:00 0 
66821000-66900000 ---p 00000000 00:00 0 
66900000-66903000 r--s 00000000 08:06 4598405    /var/cache/fontconfig/de83a0a961185c8bd1f159015d56c039-le32d4.cache-6
66903000-66908000 r--s 0003b000 08:06 797780     /usr/lib/jvm/java-8-openjdk-i386/jre/lib/ext/sunjce_provider.jar
66908000-66923000 r--s 00394000 08:06 797776     /usr/lib/jvm/java-8-openjdk-i386/jre/lib/ext/cldrdata.jar
66923000-6697e000 rw-p 00000000 00:00 0 
6697e000-6697f000 ---p 00000000 00:00 0 
6697f000-66a15000 rw-p 00000000 00:00 0 
66a15000-66b54000 ---p 00000000 00:00 0 
66b54000-66b68000 rw-p 00000000 00:00 0 
66b68000-66bff000 ---p 00000000 00:00 0 
66bff000-696c0000 rw-p 00000000 00:00 0 
696c0000-916c0000 ---p 00000000 00:00 0 
916c0000-93c40000 rw-p 00000000 00:00 0 
93c40000-a6c00000 ---p 00000000 00:00 0 
a6c00000-a6c02000 r--s 00000000 08:06 4599452    /var/cache/fontconfig/16326683038b281783a0ef8c680e3a10-le32d4.cache-6
a6c02000-a6c03000 r--s 00000000 08:06 4599450    /var/cache/fontconfig/e0aa53bcfa504e64f87823c16bc01eb6-le32d4.cache-6
a6c03000-a6c07000 r--s 00037000 08:06 797778     /usr/lib/jvm/java-8-openjdk-i386/jre/lib/ext/sunpkcs11.jar
a6c07000-a6c1f000 rw-p 00000000 00:00 0 
a6c1f000-a6c20000 ---p 00000000 00:00 0 
a6c20000-a6cb6000 rw-p 00000000 00:00 0 
a6cb6000-a6df6000 ---p 00000000 00:00 0 
a6df6000-a6e05000 rw-p 00000000 00:00 0 
a6e05000-a71b6000 ---p 00000000 00:00 0 
a71b6000-a755e000 rwxp 00000000 00:00 0 
a755e000-b61b6000 ---p 00000000 00:00 0 
b61b6000-b61c1000 r-xp 00000000 08:06 263577     /lib/i386-linux-gnu/libnss_files-2.23.so
b61c1000-b61c2000 r--p 0000a000 08:06 263577     /lib/i386-linux-gnu/libnss_files-2.23.so
b61c2000-b61c3000 rw-p 0000b000 08:06 263577     /lib/i386-linux-gnu/libnss_files-2.23.so
b61c3000-b61c9000 rw-p 00000000 00:00 0 
b61c9000-b61e0000 r-xp 00000000 08:06 263571     /lib/i386-linux-gnu/libnsl-2.23.so
b61e0000-b61e1000 r--p 00016000 08:06 263571     /lib/i386-linux-gnu/libnsl-2.23.so
b61e1000-b61e2000 rw-p 00017000 08:06 263571     /lib/i386-linux-gnu/libnsl-2.23.so
b61e2000-b61e4000 rw-p 00000000 00:00 0 
b61e4000-b61e5000 r--s 0000a000 08:06 797781     /usr/lib/jvm/java-8-openjdk-i386/jre/lib/ext/jaccess.jar
b61e5000-b61e8000 r--s 0000f000 08:06 797775     /usr/lib/jvm/java-8-openjdk-i386/jre/lib/ext/icedtea-sound.jar
b61e8000-b61ea000 r--s 00008000 08:06 797772     /usr/lib/jvm/java-8-openjdk-i386/jre/lib/ext/sunec.jar
b61ea000-b61ec000 r--s 00001000 08:06 797774     /usr/lib/jvm/java-8-openjdk-i386/jre/lib/ext/dnsns.jar
b61ec000-b61f6000 r--s 00116000 08:06 797779     /usr/lib/jvm/java-8-openjdk-i386/jre/lib/ext/localedata.jar
b61f6000-b61fe000 r-xp 00000000 08:06 797744     /usr/lib/jvm/java-8-openjdk-i386/jre/lib/i386/libzip.so
b61fe000-b61ff000 r--p 00007000 08:06 797744     /usr/lib/jvm/java-8-openjdk-i386/jre/lib/i386/libzip.so
b61ff000-b6200000 rw-p 00008000 08:06 797744     /usr/lib/jvm/java-8-openjdk-i386/jre/lib/i386/libzip.so
b6200000-b62fb000 rw-p 00000000 00:00 0 
b62fb000-b6300000 ---p 00000000 00:00 0 
b6300000-b6301000 r--s 00010000 08:06 797777     /usr/lib/jvm/java-8-openjdk-i386/jre/lib/ext/zipfs.jar
b6301000-b6302000 r--p 009bd000 08:06 796004     /usr/lib/locale/locale-archive
b6302000-b630a000 rw-s 00000000 08:06 1181933    /tmp/hsperfdata_loick/13125
b630a000-b6315000 r-xp 00000000 08:06 263587     /lib/i386-linux-gnu/libnss_nis-2.23.so
b6315000-b6316000 r--p 0000a000 08:06 263587     /lib/i386-linux-gnu/libnss_nis-2.23.so
b6316000-b6317000 rw-p 0000b000 08:06 263587     /lib/i386-linux-gnu/libnss_nis-2.23.so
b6317000-b633e000 r-xp 00000000 08:06 797771     /usr/lib/jvm/java-8-openjdk-i386/jre/lib/i386/libjava.so
b633e000-b633f000 r--p 00026000 08:06 797771     /usr/lib/jvm/java-8-openjdk-i386/jre/lib/i386/libjava.so
b633f000-b6340000 rw-p 00027000 08:06 797771     /usr/lib/jvm/java-8-openjdk-i386/jre/lib/i386/libjava.so
b6340000-b6347000 r-xp 00000000 08:06 263632     /lib/i386-linux-gnu/librt-2.23.so
b6347000-b6348000 r--p 00006000 08:06 263632     /lib/i386-linux-gnu/librt-2.23.so
b6348000-b6349000 rw-p 00007000 08:06 263632     /lib/i386-linux-gnu/librt-2.23.so
b6349000-b634c000 ---p 00000000 00:00 0 
b634c000-b639a000 rw-p 00000000 00:00 0 
b639a000-b63b6000 r-xp 00000000 08:06 263518     /lib/i386-linux-gnu/libgcc_s.so.1
b63b6000-b63b7000 rw-p 0001b000 08:06 263518     /lib/i386-linux-gnu/libgcc_s.so.1
b63b7000-b640a000 r-xp 00000000 08:06 263550     /lib/i386-linux-gnu/libm-2.23.so
b640a000-b640b000 r--p 00052000 08:06 263550     /lib/i386-linux-gnu/libm-2.23.so
b640b000-b640c000 rw-p 00053000 08:06 263550     /lib/i386-linux-gnu/libm-2.23.so
b640c000-b6579000 r-xp 00000000 08:06 788602     /usr/lib/i386-linux-gnu/libstdc++.so.6.0.21
b6579000-b657a000 ---p 0016d000 08:06 788602     /usr/lib/i386-linux-gnu/libstdc++.so.6.0.21
b657a000-b657f000 r--p 0016d000 08:06 788602     /usr/lib/i386-linux-gnu/libstdc++.so.6.0.21
b657f000-b6580000 rw-p 00172000 08:06 788602     /usr/lib/i386-linux-gnu/libstdc++.so.6.0.21
b6580000-b6583000 rw-p 00000000 00:00 0 
b6583000-b7050000 r-xp 00000000 08:06 797766     /usr/lib/jvm/java-8-openjdk-i386/jre/lib/i386/server/libjvm.so
b7050000-b7051000 ---p 00acd000 08:06 797766     /usr/lib/jvm/java-8-openjdk-i386/jre/lib/i386/server/libjvm.so
b7051000-b7096000 r--p 00acd000 08:06 797766     /usr/lib/jvm/java-8-openjdk-i386/jre/lib/i386/server/libjvm.so
b7096000-b70ad000 rw-p 00b12000 08:06 797766     /usr/lib/jvm/java-8-openjdk-i386/jre/lib/i386/server/libjvm.so
b70ad000-b74ce000 rw-p 00000000 00:00 0 
b74ce000-b74e7000 r-xp 00000000 08:06 263624     /lib/i386-linux-gnu/libpthread-2.23.so
b74e7000-b74e8000 r--p 00018000 08:06 263624     /lib/i386-linux-gnu/libpthread-2.23.so
b74e8000-b74e9000 rw-p 00019000 08:06 263624     /lib/i386-linux-gnu/libpthread-2.23.so
b74e9000-b74eb000 rw-p 00000000 00:00 0 
b74eb000-b74ee000 r-xp 00000000 08:06 263504     /lib/i386-linux-gnu/libdl-2.23.so
b74ee000-b74ef000 r--p 00002000 08:06 263504     /lib/i386-linux-gnu/libdl-2.23.so
b74ef000-b74f0000 rw-p 00003000 08:06 263504     /lib/i386-linux-gnu/libdl-2.23.so
b74f0000-b7509000 r-xp 00000000 08:06 263669     /lib/i386-linux-gnu/libz.so.1.2.8
b7509000-b750a000 r--p 00018000 08:06 263669     /lib/i386-linux-gnu/libz.so.1.2.8
b750a000-b750b000 rw-p 00019000 08:06 263669     /lib/i386-linux-gnu/libz.so.1.2.8
b750b000-b76ba000 r-xp 00000000 08:06 263480     /lib/i386-linux-gnu/libc-2.23.so
b76ba000-b76bb000 ---p 001af000 08:06 263480     /lib/i386-linux-gnu/libc-2.23.so
b76bb000-b76bd000 r--p 001af000 08:06 263480     /lib/i386-linux-gnu/libc-2.23.so
b76bd000-b76be000 rw-p 001b1000 08:06 263480     /lib/i386-linux-gnu/libc-2.23.so
b76be000-b76c1000 rw-p 00000000 00:00 0 
b76c1000-b76c9000 r-xp 00000000 08:06 263573     /lib/i386-linux-gnu/libnss_compat-2.23.so
b76c9000-b76ca000 r--p 00007000 08:06 263573     /lib/i386-linux-gnu/libnss_compat-2.23.so
b76ca000-b76cb000 rw-p 00008000 08:06 263573     /lib/i386-linux-gnu/libnss_compat-2.23.so
b76cb000-b76cc000 rw-p 00000000 00:00 0 
b76cc000-b76cd000 r--p 00000000 00:00 0 
b76cd000-b76db000 r-xp 00000000 08:06 794772     /usr/lib/jvm/java-8-openjdk-i386/jre/lib/i386/libverify.so
b76db000-b76dc000 r--p 0000d000 08:06 794772     /usr/lib/jvm/java-8-openjdk-i386/jre/lib/i386/libverify.so
b76dc000-b76dd000 rw-p 0000e000 08:06 794772     /usr/lib/jvm/java-8-openjdk-i386/jre/lib/i386/libverify.so
b76dd000-b76ea000 r-xp 00000000 08:06 797761     /usr/lib/jvm/java-8-openjdk-i386/jre/lib/i386/jli/libjli.so
b76ea000-b76eb000 r--p 0000c000 08:06 797761     /usr/lib/jvm/java-8-openjdk-i386/jre/lib/i386/jli/libjli.so
b76eb000-b76ec000 rw-p 0000d000 08:06 797761     /usr/lib/jvm/java-8-openjdk-i386/jre/lib/i386/jli/libjli.so
b76ec000-b76ee000 rw-p 00000000 00:00 0 
b76ee000-b76f0000 r--p 00000000 00:00 0          [vvar]
b76f0000-b76f1000 r-xp 00000000 00:00 0          [vdso]
b76f1000-b7713000 r-xp 00000000 08:06 263452     /lib/i386-linux-gnu/ld-2.23.so
b7713000-b7714000 rw-p 00000000 00:00 0 
b7714000-b7715000 r--p 00022000 08:06 263452     /lib/i386-linux-gnu/ld-2.23.so
b7715000-b7716000 rw-p 00023000 08:06 263452     /lib/i386-linux-gnu/ld-2.23.so
bfe83000-bfe84000 rwxp 00000000 00:00 0 
bfeb6000-bfed7000 rw-p 00000000 00:00 0          [stack]

VM Arguments:
jvm_args: -Dfile.encoding=UTF-8 
java_command: Main
java_class_path (initial): /home/loick/GIT/COO-L3-2017/coo-tp9-othello/bin:/home/loick/GIT/COO-L3-2017/coo-tp9-othello/lib/mysql-connector-java-5.0.5/mysql-connector-java-5.0.5-bin.jar
Launcher Type: SUN_STANDARD

Environment Variables:
PATH=/home/loick/bin:/home/loick/.local/bin:/usr/local/sbin:/usr/local/bin:/usr/sbin:/usr/bin:/sbin:/bin:/usr/games:/usr/local/games:/snap/bin
LD_LIBRARY_PATH=/usr/lib/jvm/java-8-openjdk-i386/jre/lib/i386/server:/usr/lib/jvm/java-8-openjdk-i386/jre/lib/i386:
SHELL=/bin/bash
DISPLAY=:0

Signal Handlers:
SIGSEGV: [libjvm.so+0x8d4c70], sa_mask[0]=11111111011111111101111111111110, sa_flags=SA_RESTART|SA_SIGINFO
SIGBUS: [libjvm.so+0x8d4c70], sa_mask[0]=11111111011111111101111111111110, sa_flags=SA_RESTART|SA_SIGINFO
SIGFPE: [libjvm.so+0x73aa80], sa_mask[0]=11111111011111111101111111111110, sa_flags=SA_RESTART|SA_SIGINFO
SIGPIPE: [libjvm.so+0x73aa80], sa_mask[0]=11111111011111111101111111111110, sa_flags=SA_RESTART|SA_SIGINFO
SIGXFSZ: [libjvm.so+0x73aa80], sa_mask[0]=11111111011111111101111111111110, sa_flags=SA_RESTART|SA_SIGINFO
SIGILL: [libjvm.so+0x73aa80], sa_mask[0]=11111111011111111101111111111110, sa_flags=SA_RESTART|SA_SIGINFO
SIGUSR1: SIG_DFL, sa_mask[0]=00000000000000000000000000000000, sa_flags=none
SIGUSR2: [libjvm.so+0x73a8c0], sa_mask[0]=00100000000000000000000000000000, sa_flags=SA_RESTART|SA_SIGINFO
SIGHUP: [libjvm.so+0x73b050], sa_mask[0]=11111111011111111101111111111110, sa_flags=SA_RESTART|SA_SIGINFO
SIGINT: [libjvm.so+0x73b050], sa_mask[0]=11111111011111111101111111111110, sa_flags=SA_RESTART|SA_SIGINFO
SIGTERM: [libjvm.so+0x73b050], sa_mask[0]=11111111011111111101111111111110, sa_flags=SA_RESTART|SA_SIGINFO
SIGQUIT: [libjvm.so+0x73b050], sa_mask[0]=11111111011111111101111111111110, sa_flags=SA_RESTART|SA_SIGINFO


---------------  S Y S T E M  ---------------

OS:DISTRIB_ID=Ubuntu
DISTRIB_RELEASE=16.04
DISTRIB_CODENAME=xenial
DISTRIB_DESCRIPTION="Ubuntu 16.04.1 LTS"

uname:Linux 4.4.0-64-generic #85-Ubuntu SMP Mon Feb 20 11:49:39 UTC 2017 i686
libc:glibc 2.23 NPTL 2.23 
rlimit: STACK 8192k, CORE 0k, NPROC 47242, NOFILE 65536, AS infinity
load average:0,09 0,09 0,09

/proc/meminfo:
MemTotal:        6082868 kB
MemFree:         1695520 kB
MemAvailable:    2367552 kB
Buffers:          164248 kB
Cached:          1477240 kB
SwapCached:          104 kB
Active:          3148800 kB
Inactive:        1033048 kB
Active(anon):    2520340 kB
Inactive(anon):   561548 kB
Active(file):     628460 kB
Inactive(file):   471500 kB
Unevictable:          56 kB
Mlocked:              56 kB
HighTotal:       5252868 kB
HighFree:        1431792 kB
LowTotal:         830000 kB
LowFree:          263728 kB
SwapTotal:       5859324 kB
SwapFree:        5854944 kB
Dirty:               116 kB
Writeback:           296 kB
AnonPages:       2524316 kB
Mapped:           390284 kB
Shmem:            541156 kB
Slab:             140812 kB
SReclaimable:     112376 kB
SUnreclaim:        28436 kB
KernelStack:        5920 kB
PageTables:        14484 kB
NFS_Unstable:          0 kB
Bounce:              444 kB
WritebackTmp:          0 kB
CommitLimit:     8900756 kB
Committed_AS:    7276472 kB
VmallocTotal:     122880 kB
VmallocUsed:           0 kB
VmallocChunk:          0 kB
AnonHugePages:   1583104 kB
CmaTotal:              0 kB
CmaFree:               0 kB
HugePages_Total:       0
HugePages_Free:        0
HugePages_Rsvd:        0
HugePages_Surp:        0
Hugepagesize:       2048 kB
DirectMap4k:       18424 kB
DirectMap2M:      892928 kB


CPU:total 4 (2 cores per cpu, 2 threads per core) family 6 model 58 stepping 9, cmov, cx8, fxsr, mmx, sse, sse2, sse3, ssse3, sse4.1, sse4.2, popcnt, avx, aes, clmul, erms, ht, tsc, tscinvbit, tscinv

/proc/cpuinfo:
processor	: 0
vendor_id	: GenuineIntel
cpu family	: 6
model		: 58
model name	: Intel(R) Core(TM) i5-3230M CPU @ 2.60GHz
stepping	: 9
microcode	: 0x1c
cpu MHz		: 2766.562
cache size	: 3072 KB
physical id	: 0
siblings	: 4
core id		: 0
cpu cores	: 2
apicid		: 0
initial apicid	: 0
fdiv_bug	: no
f00f_bug	: no
coma_bug	: no
fpu		: yes
fpu_exception	: yes
cpuid level	: 13
wp		: yes
flags		: fpu vme de pse tsc msr pae mce cx8 apic sep mtrr pge mca cmov pat pse36 clflush dts acpi mmx fxsr sse sse2 ss ht tm pbe nx rdtscp lm constant_tsc arch_perfmon pebs bts xtopology nonstop_tsc aperfmperf eagerfpu pni pclmulqdq dtes64 monitor ds_cpl vmx est tm2 ssse3 cx16 xtpr pdcm pcid sse4_1 sse4_2 x2apic popcnt tsc_deadline_timer aes xsave avx f16c rdrand lahf_lm epb tpr_shadow vnmi flexpriority ept vpid fsgsbase smep erms xsaveopt dtherm ida arat pln pts
bugs		:
bogomips	: 5188.00
clflush size	: 64
cache_alignment	: 64
address sizes	: 36 bits physical, 48 bits virtual
power management:

processor	: 1
vendor_id	: GenuineIntel
cpu family	: 6
model		: 58
model name	: Intel(R) Core(TM) i5-3230M CPU @ 2.60GHz
stepping	: 9
microcode	: 0x1c
cpu MHz		: 2699.734
cache size	: 3072 KB
physical id	: 0
siblings	: 4
core id		: 0
cpu cores	: 2
apicid		: 1
initial apicid	: 1
fdiv_bug	: no
f00f_bug	: no
coma_bug	: no
fpu		: yes
fpu_exception	: yes
cpuid level	: 13
wp		: yes
flags		: fpu vme de pse tsc msr pae mce cx8 apic sep mtrr pge mca cmov pat pse36 clflush dts acpi mmx fxsr sse sse2 ss ht tm pbe nx rdtscp lm constant_tsc arch_perfmon pebs bts xtopology nonstop_tsc aperfmperf eagerfpu pni pclmulqdq dtes64 monitor ds_cpl vmx est tm2 ssse3 cx16 xtpr pdcm pcid sse4_1 sse4_2 x2apic popcnt tsc_deadline_timer aes xsave avx f16c rdrand lahf_lm epb tpr_shadow vnmi flexpriority ept vpid fsgsbase smep erms xsaveopt dtherm ida arat pln pts
bugs		:
bogomips	: 5188.00
clflush size	: 64
cache_alignment	: 64
address sizes	: 36 bits physical, 48 bits virtual
power management:

processor	: 2
vendor_id	: GenuineIntel
cpu family	: 6
model		: 58
model name	: Intel(R) Core(TM) i5-3230M CPU @ 2.60GHz
stepping	: 9
microcode	: 0x1c
cpu MHz		: 2766.359
cache size	: 3072 KB
physical id	: 0
siblings	: 4
core id		: 1
cpu cores	: 2
apicid		: 2
initial apicid	: 2
fdiv_bug	: no
f00f_bug	: no
coma_bug	: no
fpu		: yes
fpu_exception	: yes
cpuid level	: 13
wp		: yes
flags		: fpu vme de pse tsc msr pae mce cx8 apic sep mtrr pge mca cmov pat pse36 clflush dts acpi mmx fxsr sse sse2 ss ht tm pbe nx rdtscp lm constant_tsc arch_perfmon pebs bts xtopology nonstop_tsc aperfmperf eagerfpu pni pclmulqdq dtes64 monitor ds_cpl vmx est tm2 ssse3 cx16 xtpr pdcm pcid sse4_1 sse4_2 x2apic popcnt tsc_deadline_timer aes xsave avx f16c rdrand lahf_lm epb tpr_shadow vnmi flexpriority ept vpid fsgsbase smep erms xsaveopt dtherm ida arat pln pts
bugs		:
bogomips	: 5188.00
clflush size	: 64
cache_alignment	: 64
address sizes	: 36 bits physical, 48 bits virtual
power management:

processor	: 3
vendor_id	: GenuineIntel
cpu family	: 6
model		: 58
model name	: Intel(R) Core(TM) i5-3230M CPU @ 2.60GHz
stepping	: 9
microcode	: 0x1c
cpu MHz		: 2732.945
cache size	: 3072 KB
physical id	: 0
siblings	: 4
core id		: 1
cpu cores	: 2
apicid		: 3
initial apicid	: 3
fdiv_bug	: no
f00f_bug	: no
coma_bug	: no
fpu		: yes
fpu_exception	: yes
cpuid level	: 13
wp		: yes
flags		: fpu vme de pse tsc msr pae mce cx8 apic sep mtrr pge mca cmov pat pse36 clflush dts acpi mmx fxsr sse sse2 ss ht tm pbe nx rdtscp lm constant_tsc arch_perfmon pebs bts xtopology nonstop_tsc aperfmperf eagerfpu pni pclmulqdq dtes64 monitor ds_cpl vmx est tm2 ssse3 cx16 xtpr pdcm pcid sse4_1 sse4_2 x2apic popcnt tsc_deadline_timer aes xsave avx f16c rdrand lahf_lm epb tpr_shadow vnmi flexpriority ept vpid fsgsbase smep erms xsaveopt dtherm ida arat pln pts
bugs		:
bogomips	: 5188.00
clflush size	: 64
cache_alignment	: 64
address sizes	: 36 bits physical, 48 bits virtual
power management:



Memory: 4k page, physical 6082868k(1695692k free), swap 5859324k(5854944k free)

vm_info: OpenJDK Server VM (25.121-b13) for linux-x86 JRE (1.8.0_121-8u121-b13-0ubuntu1.16.04.2-b13), built on Jan 23 2017 16:09:29 by "buildd" with gcc 5.4.0 20160609

time: Wed Mar  8 00:34:30 2017
elapsed time: 10844 seconds (0d 3h 0m 44s)

